<?xml version="1.0" encoding="UTF-8"?>
<robot generator="Robot 7.3.2 (Python 3.13.8 on win32)" generated="2025-11-27T18:49:03.246668" rpa="false" schemaversion="5">
<suite id="s1" name="Suite" source="C:\Users\IVoitovich\Desktop\Project-Testing\Soft_Test_Task2\tests\suite.robot">
<kw name="Open Demo Blaze" owner="keywords" type="SETUP">
<kw name="Run Keyword If" owner="BuiltIn">
<kw name="Open Browser_Remote" owner="keywords">
<kw name="Evaluate" owner="BuiltIn">
<msg time="2025-11-27T18:49:03.408222" level="INFO">${caps} = {'browserName': 'firefox', 'browserVersion': 'latest', 'bstack:options': {'os': 'OS X', 'osVersion': '10', 'projectName': 'DemoBlazeTests', 'buildName': 'DemoBlaze Build', 'sessionName': 'Robot Test S...</msg>
<var>${caps}</var>
<arg>{"browserName": "${BROWSER}", "browserVersion": "${BROWSER_VERSION}", "bstack:options": {"os": "${OS}", "osVersion": "${OS_VERSION}", "projectName": "${PROJECT_NAME}", "buildName": "${BUILD_NAME}", "sessionName": "${SESSION_NAME}"}}</arg>
<arg>sys</arg>
<doc>Evaluates the given expression in Python and returns the result.</doc>
<status status="PASS" start="2025-11-27T18:49:03.407930" elapsed="0.000326"/>
</kw>
<kw name="Open Browser" owner="SeleniumLibrary">
<msg time="2025-11-27T18:49:03.408628" level="WARN">desired_capabilities has been deprecated and removed. Please use options to configure browsers as per documentation.</msg>
<msg time="2025-11-27T18:49:03.408821" level="INFO">Opening browser 'firefox' to base url 'https://www.demoblaze.com/' through remote server at 'https://bsuser_xpjEsM:cqqtqpbzL1MXC7vWpCPW@hub-cloud.browserstack.com/wd/hub'.</msg>
<msg time="2025-11-27T18:49:05.795050" level="INFO">Cannot capture screenshot because no browser is open.</msg>
<msg time="2025-11-27T18:49:05.795193" level="FAIL">WebDriverException: Message: Automate testing time expired.
</msg>
<arg>${url}</arg>
<arg>remote_url=https://${BROWSERSTACK_USER}:${BROWSERSTACK_KEY}@hub-cloud.browserstack.com/wd/hub</arg>
<arg>desired_capabilities=${caps}</arg>
<doc>Opens a new browser instance to the optional ``url``.</doc>
<status status="FAIL" start="2025-11-27T18:49:03.408384" elapsed="2.389925">WebDriverException: Message: Automate testing time expired.
</status>
</kw>
<arg>${url}</arg>
<status status="FAIL" start="2025-11-27T18:49:03.407762" elapsed="2.390729">WebDriverException: Message: Automate testing time expired.
</status>
</kw>
<arg>'${RUN_ON_BROWSERSTACK}'=='True'</arg>
<arg>Open Browser_Remote</arg>
<arg>${url}</arg>
<arg>ELSE</arg>
<arg>Open Browser Local</arg>
<arg>${url}</arg>
<doc>Runs the given keyword with the given arguments, if ``condition`` is true.</doc>
<status status="FAIL" start="2025-11-27T18:49:03.407495" elapsed="2.391051">WebDriverException: Message: Automate testing time expired.
</status>
</kw>
<status status="FAIL" start="2025-11-27T18:49:03.406981" elapsed="2.391647">WebDriverException: Message: Automate testing time expired.
</status>
</kw>
<test id="s1-t1" name="Sign Up Test" line="10">
<status status="FAIL" start="2025-11-27T18:49:05.798702" elapsed="0.000492">Parent suite setup failed:
WebDriverException: Message: Automate testing time expired.
</status>
</test>
<test id="s1-t2" name="Login Test" line="13">
<status status="FAIL" start="2025-11-27T18:49:05.800259" elapsed="0.000399">Parent suite setup failed:
WebDriverException: Message: Automate testing time expired.
</status>
</test>
<test id="s1-t3" name="Logout Test" line="16">
<status status="FAIL" start="2025-11-27T18:49:05.801309" elapsed="0.000283">Parent suite setup failed:
WebDriverException: Message: Automate testing time expired.
</status>
</test>
<test id="s1-t4" name="Login Again Test" line="19">
<status status="FAIL" start="2025-11-27T18:49:05.801983" elapsed="0.000261">Parent suite setup failed:
WebDriverException: Message: Automate testing time expired.
</status>
</test>
<test id="s1-t5" name="Buy Product Test" line="22">
<status status="FAIL" start="2025-11-27T18:49:05.802542" elapsed="0.000191">Parent suite setup failed:
WebDriverException: Message: Automate testing time expired.
</status>
</test>
<test id="s1-t6" name="Go Home Page Test" line="25">
<status status="FAIL" start="2025-11-27T18:49:05.803048" elapsed="0.000219">Parent suite setup failed:
WebDriverException: Message: Automate testing time expired.
</status>
</test>
<test id="s1-t7" name="Go Cat_Laptops Test" line="28">
<status status="FAIL" start="2025-11-27T18:49:05.803537" elapsed="0.000177">Parent suite setup failed:
WebDriverException: Message: Automate testing time expired.
</status>
</test>
<test id="s1-t8" name="Buy Test" line="31">
<status status="FAIL" start="2025-11-27T18:49:05.803991" elapsed="0.000161">Parent suite setup failed:
WebDriverException: Message: Automate testing time expired.
</status>
</test>
<test id="s1-t9" name="About Us Page Test" line="34">
<status status="FAIL" start="2025-11-27T18:49:05.804413" elapsed="0.000167">Parent suite setup failed:
WebDriverException: Message: Automate testing time expired.
</status>
</test>
<kw name="Close Demo" owner="keywords" type="TEARDOWN">
<kw name="Close Browser" owner="SeleniumLibrary">
<doc>Closes the current browser.</doc>
<status status="PASS" start="2025-11-27T18:49:05.805310" elapsed="0.000103"/>
</kw>
<status status="PASS" start="2025-11-27T18:49:05.805137" elapsed="0.000330"/>
</kw>
<status status="FAIL" start="2025-11-27T18:49:03.247923" elapsed="2.557569">Suite setup failed:
WebDriverException: Message: Automate testing time expired.
</status>
</suite>
<statistics>
<total>
<stat pass="0" fail="9" skip="0">All Tests</stat>
</total>
<tag>
</tag>
<suite>
<stat name="Suite" id="s1" pass="0" fail="9" skip="0">Suite</stat>
</suite>
</statistics>
<errors>
<msg time="2025-11-27T18:49:03.408628" level="WARN">desired_capabilities has been deprecated and removed. Please use options to configure browsers as per documentation.</msg>
</errors>
</robot>
