<?xml version="1.0" encoding="UTF-8"?>
<robot generator="Robot 7.3.2 (Python 3.13.8 on win32)" generated="2025-10-22T16:57:48.011569" rpa="false" schemaversion="5">
<suite id="s1" name="Suite" source="C:\Users\IVoitovich\Desktop\Project-Testing\Soft_Test_Task2\tests\suite.robot">
<kw name="Open Demo Blaze" owner="keywords" type="SETUP">
<kw name="Open Browser" owner="SeleniumLibrary">
<msg time="2025-10-22T16:57:48.195962" level="WARN">exexcutable_path is being deprecated. Please use service to configure the driver's executable_path as per documentation.</msg>
<msg time="2025-10-22T16:57:48.196204" level="INFO">Opening browser 'chrome' to base url 'https://www.demoblaze.com/'.</msg>
<arg>${url}</arg>
<arg>${BROWSER}</arg>
<arg>executable_path=${CHROMEDRIVER}</arg>
<doc>Opens a new browser instance to the optional ``url``.</doc>
<status status="PASS" start="2025-10-22T16:57:48.195712" elapsed="2.328934"/>
</kw>
<kw name="Maximize Browser Window" owner="SeleniumLibrary">
<doc>Maximizes current browser window.</doc>
<status status="PASS" start="2025-10-22T16:57:50.524884" elapsed="0.020486"/>
</kw>
<kw name="Wait Until Page Contains Element" owner="SeleniumLibrary">
<arg>xpath=//nav</arg>
<arg>10s</arg>
<doc>Waits until the element ``locator`` appears on the current page.</doc>
<status status="PASS" start="2025-10-22T16:57:50.545563" elapsed="0.010018"/>
</kw>
<status status="PASS" start="2025-10-22T16:57:48.195200" elapsed="2.360510"/>
</kw>
<test id="s1-t1" name="Sign Up Test" line="10">
<kw name="Sign Up User" owner="keywords">
<kw name="Wait Until Element Is Clickable" owner="keywords">
<kw name="Wait Until Element Is Visible" owner="SeleniumLibrary">
<arg>${locator}</arg>
<arg>${timeout}</arg>
<doc>Waits until the element ``locator`` is visible.</doc>
<status status="PASS" start="2025-10-22T16:57:50.556902" elapsed="0.017094"/>
</kw>
<kw name="Wait Until Element Is Enabled" owner="SeleniumLibrary">
<arg>${locator}</arg>
<arg>${timeout}</arg>
<doc>Waits until the element ``locator`` is enabled.</doc>
<status status="PASS" start="2025-10-22T16:57:50.574166" elapsed="0.014741"/>
</kw>
<arg>id=signin2</arg>
<status status="PASS" start="2025-10-22T16:57:50.556688" elapsed="0.032324"/>
</kw>
<kw name="Click Element" owner="SeleniumLibrary">
<msg time="2025-10-22T16:57:50.589299" level="INFO">Clicking element 'id=signin2'.</msg>
<arg>id=signin2</arg>
<doc>Click the element identified by ``locator``.</doc>
<status status="PASS" start="2025-10-22T16:57:50.589128" elapsed="0.046518"/>
</kw>
<kw name="Wait Until Element Is Visible" owner="SeleniumLibrary">
<arg>id=sign-username</arg>
<arg>3s</arg>
<doc>Waits until the element ``locator`` is visible.</doc>
<status status="PASS" start="2025-10-22T16:57:50.635823" elapsed="0.229467"/>
</kw>
<kw name="Input Text" owner="SeleniumLibrary">
<msg time="2025-10-22T16:57:50.865674" level="INFO">Typing text 'IvanVoitovich007' into text field 'id=sign-username'.</msg>
<arg>id=sign-username</arg>
<arg>${USERNAME}</arg>
<doc>Types the given ``text`` into the text field identified by ``locator``.</doc>
<status status="PASS" start="2025-10-22T16:57:50.865454" elapsed="0.069891"/>
</kw>
<kw name="Input Text" owner="SeleniumLibrary">
<msg time="2025-10-22T16:57:50.935773" level="INFO">Typing text 'Ivan007' into text field 'id=sign-password'.</msg>
<arg>id=sign-password</arg>
<arg>${PASSWORD}</arg>
<doc>Types the given ``text`` into the text field identified by ``locator``.</doc>
<status status="PASS" start="2025-10-22T16:57:50.935536" elapsed="0.056836"/>
</kw>
<kw name="Click Button" owner="SeleniumLibrary">
<msg time="2025-10-22T16:57:50.992707" level="INFO">Clicking button 'xpath=//button[text()='Sign up']'.</msg>
<arg>xpath=//button[text()='Sign up']</arg>
<doc>Clicks the button identified by ``locator``.</doc>
<status status="PASS" start="2025-10-22T16:57:50.992535" elapsed="0.056396"/>
</kw>
<kw name="Run Keyword And Ignore Error" owner="BuiltIn">
<kw name="Handle Alert" owner="SeleniumLibrary">
<msg time="2025-10-22T16:57:51.049376" level="INFO">HANDLE::&lt;class 'NoneType'&gt;::None</msg>
<arg>action=ACCEPT</arg>
<doc>Handles the current alert and returns its message.</doc>
<status status="PASS" start="2025-10-22T16:57:51.049265" elapsed="1.014323"/>
</kw>
<arg>Handle Alert</arg>
<arg>action=ACCEPT</arg>
<doc>Runs the given keyword with the given arguments and ignores possible error.</doc>
<status status="PASS" start="2025-10-22T16:57:51.049113" elapsed="1.014557"/>
</kw>
<kw name="Sleep" owner="BuiltIn">
<msg time="2025-10-22T16:57:53.064580" level="INFO">Slept 1 second.</msg>
<arg>1s</arg>
<doc>Pauses the test executed for the given time.</doc>
<status status="PASS" start="2025-10-22T16:57:52.063841" elapsed="1.000968"/>
</kw>
<kw name="Run Keyword And Ignore Error" owner="BuiltIn">
<kw name="Click Element" owner="SeleniumLibrary">
<msg time="2025-10-22T16:57:53.065914" level="INFO">Clicking element 'xpath=//div[@id='signInModal']//button[@class='close']'.</msg>
<arg>xpath=//div[@id='signInModal']//button[@class='close']</arg>
<doc>Click the element identified by ``locator``.</doc>
<status status="PASS" start="2025-10-22T16:57:53.065544" elapsed="0.045961"/>
</kw>
<arg>Click Element</arg>
<arg>xpath=//div[@id='signInModal']//button[@class='close']</arg>
<doc>Runs the given keyword with the given arguments and ignores possible error.</doc>
<status status="PASS" start="2025-10-22T16:57:53.065174" elapsed="0.046415"/>
</kw>
<kw name="Sleep" owner="BuiltIn">
<msg time="2025-10-22T16:57:54.112087" level="INFO">Slept 1 second.</msg>
<arg>1s</arg>
<doc>Pauses the test executed for the given time.</doc>
<status status="PASS" start="2025-10-22T16:57:53.111707" elapsed="1.000494"/>
</kw>
<status status="PASS" start="2025-10-22T16:57:50.556413" elapsed="3.555875"/>
</kw>
<status status="PASS" start="2025-10-22T16:57:50.555839" elapsed="3.556683"/>
</test>
<test id="s1-t2" name="Login Test" line="13">
<kw name="Login User" owner="keywords">
<kw name="Wait Until Element Is Clickable" owner="keywords">
<kw name="Wait Until Element Is Visible" owner="SeleniumLibrary">
<arg>${locator}</arg>
<arg>${timeout}</arg>
<doc>Waits until the element ``locator`` is visible.</doc>
<status status="PASS" start="2025-10-22T16:57:54.114097" elapsed="0.015485"/>
</kw>
<kw name="Wait Until Element Is Enabled" owner="SeleniumLibrary">
<arg>${locator}</arg>
<arg>${timeout}</arg>
<doc>Waits until the element ``locator`` is enabled.</doc>
<status status="PASS" start="2025-10-22T16:57:54.129828" elapsed="0.011814"/>
</kw>
<arg>id=login2</arg>
<status status="PASS" start="2025-10-22T16:57:54.113768" elapsed="0.027971"/>
</kw>
<kw name="Click Element" owner="SeleniumLibrary">
<msg time="2025-10-22T16:57:54.142022" level="INFO">Clicking element 'id=login2'.</msg>
<arg>id=login2</arg>
<doc>Click the element identified by ``locator``.</doc>
<status status="PASS" start="2025-10-22T16:57:54.141856" elapsed="0.037998"/>
</kw>
<kw name="Wait Until Element Is Visible" owner="SeleniumLibrary">
<arg>id=loginusername</arg>
<arg>3s</arg>
<doc>Waits until the element ``locator`` is visible.</doc>
<status status="PASS" start="2025-10-22T16:57:54.180016" elapsed="0.224154"/>
</kw>
<kw name="Input Text" owner="SeleniumLibrary">
<msg time="2025-10-22T16:57:54.404534" level="INFO">Typing text 'IvanVoitovich007' into text field 'id=loginusername'.</msg>
<arg>id=loginusername</arg>
<arg>${username}</arg>
<doc>Types the given ``text`` into the text field identified by ``locator``.</doc>
<status status="PASS" start="2025-10-22T16:57:54.404328" elapsed="0.056450"/>
</kw>
<kw name="Input Text" owner="SeleniumLibrary">
<msg time="2025-10-22T16:57:54.461148" level="INFO">Typing text 'Ivan007' into text field 'id=loginpassword'.</msg>
<arg>id=loginpassword</arg>
<arg>${password}</arg>
<doc>Types the given ``text`` into the text field identified by ``locator``.</doc>
<status status="PASS" start="2025-10-22T16:57:54.460942" elapsed="0.067415"/>
</kw>
<kw name="Click Button" owner="SeleniumLibrary">
<msg time="2025-10-22T16:57:54.528691" level="INFO">Clicking button 'xpath=//button[text()='Log in']'.</msg>
<arg>xpath=//button[text()='Log in']</arg>
<doc>Clicks the button identified by ``locator``.</doc>
<status status="PASS" start="2025-10-22T16:57:54.528524" elapsed="0.055335"/>
</kw>
<kw name="Run Keyword And Return Status" owner="BuiltIn">
<kw name="Handle Alert" owner="SeleniumLibrary">
<msg time="2025-10-22T16:57:54.584279" level="INFO">HANDLE::&lt;class 'NoneType'&gt;::None</msg>
<msg time="2025-10-22T16:57:59.785723" level="INFO" html="true">&lt;/td&gt;&lt;/tr&gt;&lt;tr&gt;&lt;td colspan="3"&gt;&lt;a href="selenium-screenshot-330.png"&gt;&lt;img src="selenium-screenshot-330.png" width="800px"&gt;&lt;/a&gt;</msg>
<msg time="2025-10-22T16:57:59.785963" level="FAIL">Alert not found in 5 seconds.</msg>
<arg>action=ACCEPT</arg>
<doc>Handles the current alert and returns its message.</doc>
<status status="FAIL" start="2025-10-22T16:57:54.584172" elapsed="5.204245">Alert not found in 5 seconds.</status>
</kw>
<msg time="2025-10-22T16:57:59.788631" level="INFO">${alert_status} = False</msg>
<var>${alert_status}</var>
<arg>Handle Alert</arg>
<arg>action=ACCEPT</arg>
<doc>Runs the given keyword with given arguments and returns the status as a Boolean value.</doc>
<status status="PASS" start="2025-10-22T16:57:54.584032" elapsed="5.204637"/>
</kw>
<kw name="Sleep" owner="BuiltIn">
<msg time="2025-10-22T16:58:00.789374" level="INFO">Slept 1 second.</msg>
<arg>1s</arg>
<doc>Pauses the test executed for the given time.</doc>
<status status="PASS" start="2025-10-22T16:57:59.788834" elapsed="1.000683"/>
</kw>
<kw name="Run Keyword And Ignore Error" owner="BuiltIn">
<kw name="Click Element" owner="SeleniumLibrary">
<msg time="2025-10-22T16:58:00.790239" level="INFO">Clicking element 'xpath=//div[@id='logInModal']//button[@class='close']'.</msg>
<msg time="2025-10-22T16:58:00.995451" level="INFO" html="true">&lt;/td&gt;&lt;/tr&gt;&lt;tr&gt;&lt;td colspan="3"&gt;&lt;a href="selenium-screenshot-331.png"&gt;&lt;img src="selenium-screenshot-331.png" width="800px"&gt;&lt;/a&gt;</msg>
<msg time="2025-10-22T16:58:00.995662" level="FAIL">ElementNotInteractableException: Message: element not interactable
  (Session info: chrome=141.0.7390.108); For documentation on this error, please visit: https://www.selenium.dev/documentation/webdriver/troubleshooting/errors#elementnotinteractableexception
Stacktrace:
	GetHandleVerifier [0x0x7ff68250e9e5+80021]
	GetHandleVerifier [0x0x7ff68250ea40+80112]
	(No symbol) [0x0x7ff682290425]
	(No symbol) [0x0x7ff6822e9dc3]
	(No symbol) [0x0x7ff6822db7c8]
	(No symbol) [0x0x7ff68231122a]
	(No symbol) [0x0x7ff6822db056]
	(No symbol) [0x0x7ff682311440]
	(No symbol) [0x0x7ff68233968a]
	(No symbol) [0x0x7ff682311003]
	(No symbol) [0x0x7ff6822d95d1]
	(No symbol) [0x0x7ff6822da3f3]
	GetHandleVerifier [0x0x7ff6827cdd8d+2960445]
	GetHandleVerifier [0x0x7ff6827c804a+2936570]
	GetHandleVerifier [0x0x7ff6827e8a87+3070263]
	GetHandleVerifier [0x0x7ff6825284ce+185214]
	GetHandleVerifier [0x0x7ff68252ff1f+216527]
	GetHandleVerifier [0x0x7ff682517c24+117460]
	GetHandleVerifier [0x0x7ff682517ddf+117903]
	GetHandleVerifier [0x0x7ff6824fdcb8+11112]
	BaseThreadInitThunk [0x0x7ffa6430e8d7+23]
	RtlUserThreadStart [0x0x7ffa6610c53c+44]
</msg>
<arg>xpath=//div[@id='logInModal']//button[@class='close']</arg>
<doc>Click the element identified by ``locator``.</doc>
<status status="FAIL" start="2025-10-22T16:58:00.790000" elapsed="0.208054">ElementNotInteractableException: Message: element not interactable
  (Session info: chrome=141.0.7390.108); For documentation on this error, please visit: https://www.selenium.dev/documentation/webdriver/troubleshooting/errors#elementnotinteractableexception
Stacktrace:
	GetHandleVerifier [0x0x7ff68250e9e5+80021]
	GetHandleVerifier [0x0x7ff68250ea40+80112]
	(No symbol) [0x0x7ff682290425]
	(No symbol) [0x0x7ff6822e9dc3]
	(No symbol) [0x0x7ff6822db7c8]
	(No symbol) [0x0x7ff68231122a]
	(No symbol) [0x0x7ff6822db056]
	(No symbol) [0x0x7ff682311440]
	(No symbol) [0x0x7ff68233968a]
	(No symbol) [0x0x7ff682311003]
	(No symbol) [0x0x7ff6822d95d1]
	(No symbol) [0x0x7ff6822da3f3]
	GetHandleVerifier [0x0x7ff6827cdd8d+2960445]
	GetHandleVerifier [0x0x7ff6827c804a+2936570]
	GetHandleVerifier [0x0x7ff6827e8a87+3070263]
	GetHandleVerifier [0x0x7ff6825284ce+185214]
	GetHandleVerifier [0x0x7ff68252ff1f+216527]
	GetHandleVerifier [0x0x7ff682517c24+117460]
	GetHandleVerifier [0x0x7ff682517ddf+117903]
	GetHandleVerifier [0x0x7ff6824fdcb8+11112]
	BaseThreadInitThunk [0x0x7ffa6430e8d7+23]
	RtlUserThreadStart [0x0x7ffa6610c53c+44]
</status>
</kw>
<arg>Click Element</arg>
<arg>xpath=//div[@id='logInModal']//button[@class='close']</arg>
<doc>Runs the given keyword with the given arguments and ignores possible error.</doc>
<status status="PASS" start="2025-10-22T16:58:00.789740" elapsed="0.208488"/>
</kw>
<kw name="Sleep" owner="BuiltIn">
<msg time="2025-10-22T16:58:01.999061" level="INFO">Slept 1 second.</msg>
<arg>1s</arg>
<doc>Pauses the test executed for the given time.</doc>
<status status="PASS" start="2025-10-22T16:58:00.998394" elapsed="1.000843"/>
</kw>
<kw name="Run Keyword And Return Status" owner="BuiltIn">
<kw name="Wait Until Page Contains" owner="SeleniumLibrary">
<arg>Welcome ${username}</arg>
<arg>10s</arg>
<doc>Waits until ``text`` appears on the current page.</doc>
<status status="PASS" start="2025-10-22T16:58:01.999871" elapsed="0.011347"/>
</kw>
<msg time="2025-10-22T16:58:02.011358" level="INFO">${login_success} = True</msg>
<var>${login_success}</var>
<arg>Wait Until Page Contains</arg>
<arg>Welcome ${username}</arg>
<arg>10s</arg>
<doc>Runs the given keyword with given arguments and returns the status as a Boolean value.</doc>
<status status="PASS" start="2025-10-22T16:58:01.999554" elapsed="0.011830"/>
</kw>
<kw name="Run Keyword If" owner="BuiltIn">
<arg>not ${login_success}</arg>
<arg>Fail</arg>
<arg>Login failed for user '${username}'</arg>
<doc>Runs the given keyword with the given arguments, if ``condition`` is true.</doc>
<status status="PASS" start="2025-10-22T16:58:02.011507" elapsed="0.000174"/>
</kw>
<status status="PASS" start="2025-10-22T16:57:54.113447" elapsed="7.898294"/>
</kw>
<status status="PASS" start="2025-10-22T16:57:54.112981" elapsed="7.898997"/>
</test>
<test id="s1-t3" name="Logout Test" line="16">
<kw name="Logout User" owner="keywords">
<kw name="Wait Until Element Is Clickable" owner="keywords">
<kw name="Wait Until Element Is Visible" owner="SeleniumLibrary">
<arg>${locator}</arg>
<arg>${timeout}</arg>
<doc>Waits until the element ``locator`` is visible.</doc>
<status status="PASS" start="2025-10-22T16:58:02.014057" elapsed="0.014430"/>
</kw>
<kw name="Wait Until Element Is Enabled" owner="SeleniumLibrary">
<arg>${locator}</arg>
<arg>${timeout}</arg>
<doc>Waits until the element ``locator`` is enabled.</doc>
<status status="PASS" start="2025-10-22T16:58:02.028652" elapsed="0.014081"/>
</kw>
<arg>id=logout2</arg>
<status status="PASS" start="2025-10-22T16:58:02.013820" elapsed="0.029058"/>
</kw>
<kw name="Click Element" owner="SeleniumLibrary">
<msg time="2025-10-22T16:58:02.043295" level="INFO">Clicking element 'id=logout2'.</msg>
<arg>id=logout2</arg>
<doc>Click the element identified by ``locator``.</doc>
<status status="PASS" start="2025-10-22T16:58:02.043046" elapsed="0.423631"/>
</kw>
<kw name="Wait Until Element Is Visible" owner="SeleniumLibrary">
<arg>id=login2</arg>
<arg>3s</arg>
<doc>Waits until the element ``locator`` is visible.</doc>
<status status="PASS" start="2025-10-22T16:58:02.466878" elapsed="0.009531"/>
</kw>
<status status="PASS" start="2025-10-22T16:58:02.013607" elapsed="0.462904"/>
</kw>
<status status="PASS" start="2025-10-22T16:58:02.013173" elapsed="0.463638"/>
</test>
<test id="s1-t4" name="Login Again Test" line="19">
<kw name="Login User" owner="keywords">
<kw name="Wait Until Element Is Clickable" owner="keywords">
<kw name="Wait Until Element Is Visible" owner="SeleniumLibrary">
<arg>${locator}</arg>
<arg>${timeout}</arg>
<doc>Waits until the element ``locator`` is visible.</doc>
<status status="PASS" start="2025-10-22T16:58:02.478146" elapsed="0.008198"/>
</kw>
<kw name="Wait Until Element Is Enabled" owner="SeleniumLibrary">
<arg>${locator}</arg>
<arg>${timeout}</arg>
<doc>Waits until the element ``locator`` is enabled.</doc>
<status status="PASS" start="2025-10-22T16:58:02.486634" elapsed="0.010368"/>
</kw>
<arg>id=login2</arg>
<status status="PASS" start="2025-10-22T16:58:02.477939" elapsed="0.019158"/>
</kw>
<kw name="Click Element" owner="SeleniumLibrary">
<msg time="2025-10-22T16:58:02.497366" level="INFO">Clicking element 'id=login2'.</msg>
<arg>id=login2</arg>
<doc>Click the element identified by ``locator``.</doc>
<status status="PASS" start="2025-10-22T16:58:02.497211" elapsed="0.034342"/>
</kw>
<kw name="Wait Until Element Is Visible" owner="SeleniumLibrary">
<arg>id=loginusername</arg>
<arg>3s</arg>
<doc>Waits until the element ``locator`` is visible.</doc>
<status status="PASS" start="2025-10-22T16:58:02.531730" elapsed="0.222867"/>
</kw>
<kw name="Input Text" owner="SeleniumLibrary">
<msg time="2025-10-22T16:58:02.755063" level="INFO">Typing text 'IvanVoitovich007' into text field 'id=loginusername'.</msg>
<arg>id=loginusername</arg>
<arg>${username}</arg>
<doc>Types the given ``text`` into the text field identified by ``locator``.</doc>
<status status="PASS" start="2025-10-22T16:58:02.754802" elapsed="0.057603"/>
</kw>
<kw name="Input Text" owner="SeleniumLibrary">
<msg time="2025-10-22T16:58:02.812861" level="INFO">Typing text 'Ivan007' into text field 'id=loginpassword'.</msg>
<arg>id=loginpassword</arg>
<arg>${password}</arg>
<doc>Types the given ``text`` into the text field identified by ``locator``.</doc>
<status status="PASS" start="2025-10-22T16:58:02.812629" elapsed="0.048972"/>
</kw>
<kw name="Click Button" owner="SeleniumLibrary">
<msg time="2025-10-22T16:58:02.861944" level="INFO">Clicking button 'xpath=//button[text()='Log in']'.</msg>
<arg>xpath=//button[text()='Log in']</arg>
<doc>Clicks the button identified by ``locator``.</doc>
<status status="PASS" start="2025-10-22T16:58:02.861768" elapsed="0.048704"/>
</kw>
<kw name="Run Keyword And Return Status" owner="BuiltIn">
<kw name="Handle Alert" owner="SeleniumLibrary">
<msg time="2025-10-22T16:58:02.910898" level="INFO">HANDLE::&lt;class 'NoneType'&gt;::None</msg>
<msg time="2025-10-22T16:58:08.110185" level="INFO" html="true">&lt;/td&gt;&lt;/tr&gt;&lt;tr&gt;&lt;td colspan="3"&gt;&lt;a href="selenium-screenshot-332.png"&gt;&lt;img src="selenium-screenshot-332.png" width="800px"&gt;&lt;/a&gt;</msg>
<msg time="2025-10-22T16:58:08.110324" level="FAIL">Alert not found in 5 seconds.</msg>
<arg>action=ACCEPT</arg>
<doc>Handles the current alert and returns its message.</doc>
<status status="FAIL" start="2025-10-22T16:58:02.910793" elapsed="5.200233">Alert not found in 5 seconds.</status>
</kw>
<msg time="2025-10-22T16:58:08.111168" level="INFO">${alert_status} = False</msg>
<var>${alert_status}</var>
<arg>Handle Alert</arg>
<arg>action=ACCEPT</arg>
<doc>Runs the given keyword with given arguments and returns the status as a Boolean value.</doc>
<status status="PASS" start="2025-10-22T16:58:02.910651" elapsed="5.200540"/>
</kw>
<kw name="Sleep" owner="BuiltIn">
<msg time="2025-10-22T16:58:09.111614" level="INFO">Slept 1 second.</msg>
<arg>1s</arg>
<doc>Pauses the test executed for the given time.</doc>
<status status="PASS" start="2025-10-22T16:58:08.111300" elapsed="1.000425"/>
</kw>
<kw name="Run Keyword And Ignore Error" owner="BuiltIn">
<kw name="Click Element" owner="SeleniumLibrary">
<msg time="2025-10-22T16:58:09.112154" level="INFO">Clicking element 'xpath=//div[@id='logInModal']//button[@class='close']'.</msg>
<msg time="2025-10-22T16:58:09.345153" level="INFO" html="true">&lt;/td&gt;&lt;/tr&gt;&lt;tr&gt;&lt;td colspan="3"&gt;&lt;a href="selenium-screenshot-333.png"&gt;&lt;img src="selenium-screenshot-333.png" width="800px"&gt;&lt;/a&gt;</msg>
<msg time="2025-10-22T16:58:09.345348" level="FAIL">ElementNotInteractableException: Message: element not interactable
  (Session info: chrome=141.0.7390.108); For documentation on this error, please visit: https://www.selenium.dev/documentation/webdriver/troubleshooting/errors#elementnotinteractableexception
Stacktrace:
	GetHandleVerifier [0x0x7ff68250e9e5+80021]
	GetHandleVerifier [0x0x7ff68250ea40+80112]
	(No symbol) [0x0x7ff682290425]
	(No symbol) [0x0x7ff6822e9dc3]
	(No symbol) [0x0x7ff6822db7c8]
	(No symbol) [0x0x7ff68231122a]
	(No symbol) [0x0x7ff6822db056]
	(No symbol) [0x0x7ff682311440]
	(No symbol) [0x0x7ff68233968a]
	(No symbol) [0x0x7ff682311003]
	(No symbol) [0x0x7ff6822d95d1]
	(No symbol) [0x0x7ff6822da3f3]
	GetHandleVerifier [0x0x7ff6827cdd8d+2960445]
	GetHandleVerifier [0x0x7ff6827c804a+2936570]
	GetHandleVerifier [0x0x7ff6827e8a87+3070263]
	GetHandleVerifier [0x0x7ff6825284ce+185214]
	GetHandleVerifier [0x0x7ff68252ff1f+216527]
	GetHandleVerifier [0x0x7ff682517c24+117460]
	GetHandleVerifier [0x0x7ff682517ddf+117903]
	GetHandleVerifier [0x0x7ff6824fdcb8+11112]
	BaseThreadInitThunk [0x0x7ffa6430e8d7+23]
	RtlUserThreadStart [0x0x7ffa6610c53c+44]
</msg>
<arg>xpath=//div[@id='logInModal']//button[@class='close']</arg>
<doc>Click the element identified by ``locator``.</doc>
<status status="FAIL" start="2025-10-22T16:58:09.112009" elapsed="0.234134">ElementNotInteractableException: Message: element not interactable
  (Session info: chrome=141.0.7390.108); For documentation on this error, please visit: https://www.selenium.dev/documentation/webdriver/troubleshooting/errors#elementnotinteractableexception
Stacktrace:
	GetHandleVerifier [0x0x7ff68250e9e5+80021]
	GetHandleVerifier [0x0x7ff68250ea40+80112]
	(No symbol) [0x0x7ff682290425]
	(No symbol) [0x0x7ff6822e9dc3]
	(No symbol) [0x0x7ff6822db7c8]
	(No symbol) [0x0x7ff68231122a]
	(No symbol) [0x0x7ff6822db056]
	(No symbol) [0x0x7ff682311440]
	(No symbol) [0x0x7ff68233968a]
	(No symbol) [0x0x7ff682311003]
	(No symbol) [0x0x7ff6822d95d1]
	(No symbol) [0x0x7ff6822da3f3]
	GetHandleVerifier [0x0x7ff6827cdd8d+2960445]
	GetHandleVerifier [0x0x7ff6827c804a+2936570]
	GetHandleVerifier [0x0x7ff6827e8a87+3070263]
	GetHandleVerifier [0x0x7ff6825284ce+185214]
	GetHandleVerifier [0x0x7ff68252ff1f+216527]
	GetHandleVerifier [0x0x7ff682517c24+117460]
	GetHandleVerifier [0x0x7ff682517ddf+117903]
	GetHandleVerifier [0x0x7ff6824fdcb8+11112]
	BaseThreadInitThunk [0x0x7ffa6430e8d7+23]
	RtlUserThreadStart [0x0x7ffa6610c53c+44]
</status>
</kw>
<arg>Click Element</arg>
<arg>xpath=//div[@id='logInModal']//button[@class='close']</arg>
<doc>Runs the given keyword with the given arguments and ignores possible error.</doc>
<status status="PASS" start="2025-10-22T16:58:09.111877" elapsed="0.234358"/>
</kw>
<kw name="Sleep" owner="BuiltIn">
<msg time="2025-10-22T16:58:10.346870" level="INFO">Slept 1 second.</msg>
<arg>1s</arg>
<doc>Pauses the test executed for the given time.</doc>
<status status="PASS" start="2025-10-22T16:58:09.346345" elapsed="1.000758"/>
</kw>
<kw name="Run Keyword And Return Status" owner="BuiltIn">
<kw name="Wait Until Page Contains" owner="SeleniumLibrary">
<arg>Welcome ${username}</arg>
<arg>10s</arg>
<doc>Waits until ``text`` appears on the current page.</doc>
<status status="PASS" start="2025-10-22T16:58:10.347828" elapsed="0.012142"/>
</kw>
<msg time="2025-10-22T16:58:10.360286" level="INFO">${login_success} = True</msg>
<var>${login_success}</var>
<arg>Wait Until Page Contains</arg>
<arg>Welcome ${username}</arg>
<arg>10s</arg>
<doc>Runs the given keyword with given arguments and returns the status as a Boolean value.</doc>
<status status="PASS" start="2025-10-22T16:58:10.347470" elapsed="0.012881"/>
</kw>
<kw name="Run Keyword If" owner="BuiltIn">
<arg>not ${login_success}</arg>
<arg>Fail</arg>
<arg>Login failed for user '${username}'</arg>
<doc>Runs the given keyword with the given arguments, if ``condition`` is true.</doc>
<status status="PASS" start="2025-10-22T16:58:10.360649" elapsed="0.000422"/>
</kw>
<status status="PASS" start="2025-10-22T16:58:02.477657" elapsed="7.883582"/>
</kw>
<status status="PASS" start="2025-10-22T16:58:02.477245" elapsed="7.884808"/>
</test>
<test id="s1-t5" name="Buy Product Test" line="22">
<kw name="Buy Product" owner="keywords">
<kw name="Wait Until Element Is Clickable" owner="keywords">
<kw name="Wait Until Element Is Visible" owner="SeleniumLibrary">
<arg>${locator}</arg>
<arg>${timeout}</arg>
<doc>Waits until the element ``locator`` is visible.</doc>
<status status="PASS" start="2025-10-22T16:58:10.365016" elapsed="0.018644"/>
</kw>
<kw name="Wait Until Element Is Enabled" owner="SeleniumLibrary">
<arg>${locator}</arg>
<arg>${timeout}</arg>
<doc>Waits until the element ``locator`` is enabled.</doc>
<status status="PASS" start="2025-10-22T16:58:10.383818" elapsed="0.011678"/>
</kw>
<arg>xpath=//a[text()='Nokia lumia 1520']</arg>
<status status="PASS" start="2025-10-22T16:58:10.364469" elapsed="0.031128"/>
</kw>
<kw name="Click Link" owner="SeleniumLibrary">
<msg time="2025-10-22T16:58:10.395869" level="INFO">Clicking link 'xpath=//a[text()='Nokia lumia 1520']'.</msg>
<arg>xpath=//a[text()='Nokia lumia 1520']</arg>
<doc>Clicks a link identified by ``locator``.</doc>
<status status="PASS" start="2025-10-22T16:58:10.395708" elapsed="0.555886"/>
</kw>
<kw name="Wait Until Element Is Clickable" owner="keywords">
<kw name="Wait Until Element Is Visible" owner="SeleniumLibrary">
<arg>${locator}</arg>
<arg>${timeout}</arg>
<doc>Waits until the element ``locator`` is visible.</doc>
<status status="PASS" start="2025-10-22T16:58:10.952145" elapsed="0.667909"/>
</kw>
<kw name="Wait Until Element Is Enabled" owner="SeleniumLibrary">
<arg>${locator}</arg>
<arg>${timeout}</arg>
<doc>Waits until the element ``locator`` is enabled.</doc>
<status status="PASS" start="2025-10-22T16:58:11.620207" elapsed="0.023220"/>
</kw>
<arg>xpath=//a[text()='Add to cart']</arg>
<arg>3s</arg>
<status status="PASS" start="2025-10-22T16:58:10.951834" elapsed="0.691826"/>
</kw>
<kw name="Click Element" owner="SeleniumLibrary">
<msg time="2025-10-22T16:58:11.644274" level="INFO">Clicking element 'xpath=//a[text()='Add to cart']'.</msg>
<arg>xpath=//a[text()='Add to cart']</arg>
<doc>Click the element identified by ``locator``.</doc>
<status status="PASS" start="2025-10-22T16:58:11.643937" elapsed="0.048917"/>
</kw>
<kw name="Run Keyword And Ignore Error" owner="BuiltIn">
<kw name="Handle Alert" owner="SeleniumLibrary">
<msg time="2025-10-22T16:58:11.693291" level="INFO">HANDLE::&lt;class 'NoneType'&gt;::None</msg>
<arg>action=ACCEPT</arg>
<doc>Handles the current alert and returns its message.</doc>
<status status="PASS" start="2025-10-22T16:58:11.693173" elapsed="1.012483"/>
</kw>
<arg>Handle Alert</arg>
<arg>action=ACCEPT</arg>
<doc>Runs the given keyword with the given arguments and ignores possible error.</doc>
<status status="PASS" start="2025-10-22T16:58:11.693030" elapsed="1.012900"/>
</kw>
<kw name="Click Link" owner="SeleniumLibrary">
<msg time="2025-10-22T16:58:12.706691" level="INFO">Clicking link 'xpath=//a[text()='Cart']'.</msg>
<arg>xpath=//a[text()='Cart']</arg>
<doc>Clicks a link identified by ``locator``.</doc>
<status status="PASS" start="2025-10-22T16:58:12.706285" elapsed="0.570374"/>
</kw>
<kw name="Wait Until Page Contains" owner="SeleniumLibrary">
<arg>Nokia lumia 1520</arg>
<arg>7s</arg>
<doc>Waits until ``text`` appears on the current page.</doc>
<status status="PASS" start="2025-10-22T16:58:13.276953" elapsed="1.056443"/>
</kw>
<status status="PASS" start="2025-10-22T16:58:10.363879" elapsed="3.969656"/>
</kw>
<status status="PASS" start="2025-10-22T16:58:10.363107" elapsed="3.970743"/>
</test>
<test id="s1-t6" name="Go Home Page Test" line="25">
<kw name="Go Home Page" owner="keywords">
<kw name="Wait Until Element Is Clickable" owner="keywords">
<kw name="Wait Until Element Is Visible" owner="SeleniumLibrary">
<arg>${locator}</arg>
<arg>${timeout}</arg>
<doc>Waits until the element ``locator`` is visible.</doc>
<status status="PASS" start="2025-10-22T16:58:14.335465" elapsed="0.015476"/>
</kw>
<kw name="Wait Until Element Is Enabled" owner="SeleniumLibrary">
<arg>${locator}</arg>
<arg>${timeout}</arg>
<doc>Waits until the element ``locator`` is enabled.</doc>
<status status="PASS" start="2025-10-22T16:58:14.351108" elapsed="0.011063"/>
</kw>
<arg>xpath=//a[text()='Home ']</arg>
<status status="PASS" start="2025-10-22T16:58:14.335273" elapsed="0.026997"/>
</kw>
<kw name="Click Element" owner="SeleniumLibrary">
<msg time="2025-10-22T16:58:14.362546" level="INFO">Clicking element 'xpath=//a[text()='Home ']'.</msg>
<arg>xpath=//a[text()='Home ']</arg>
<doc>Click the element identified by ``locator``.</doc>
<status status="PASS" start="2025-10-22T16:58:14.362386" elapsed="0.553529"/>
</kw>
<kw name="Wait Until Page Contains Element" owner="SeleniumLibrary">
<arg>xpath=//div[@id='tbodyid']</arg>
<arg>5s</arg>
<doc>Waits until the element ``locator`` appears on the current page.</doc>
<status status="PASS" start="2025-10-22T16:58:14.916158" elapsed="0.025571"/>
</kw>
<status status="PASS" start="2025-10-22T16:58:14.335048" elapsed="0.606822"/>
</kw>
<status status="PASS" start="2025-10-22T16:58:14.334661" elapsed="0.607582"/>
</test>
<test id="s1-t7" name="Go Cat_Laptops Test" line="28">
<kw name="Go Cat_Laptops" owner="keywords">
<kw name="Wait Until Element Is Clickable" owner="keywords">
<kw name="Wait Until Element Is Visible" owner="SeleniumLibrary">
<arg>${locator}</arg>
<arg>${timeout}</arg>
<doc>Waits until the element ``locator`` is visible.</doc>
<status status="PASS" start="2025-10-22T16:58:14.943786" elapsed="0.012833"/>
</kw>
<kw name="Wait Until Element Is Enabled" owner="SeleniumLibrary">
<arg>${locator}</arg>
<arg>${timeout}</arg>
<doc>Waits until the element ``locator`` is enabled.</doc>
<status status="PASS" start="2025-10-22T16:58:14.956786" elapsed="0.013020"/>
</kw>
<arg>xpath=//a[text()='Monitors']</arg>
<status status="PASS" start="2025-10-22T16:58:14.943484" elapsed="0.026424"/>
</kw>
<kw name="Click Element" owner="SeleniumLibrary">
<msg time="2025-10-22T16:58:14.970184" level="INFO">Clicking element 'xpath=//a[text()='Monitors']'.</msg>
<arg>xpath=//a[text()='Monitors']</arg>
<doc>Click the element identified by ``locator``.</doc>
<status status="PASS" start="2025-10-22T16:58:14.970020" elapsed="0.039835"/>
</kw>
<kw name="Wait Until Page Contains Element" owner="SeleniumLibrary">
<arg>xpath=//div[@id='tbodyid']//div[contains(@class, 'card')]</arg>
<arg>5s</arg>
<doc>Waits until the element ``locator`` appears on the current page.</doc>
<status status="PASS" start="2025-10-22T16:58:15.010025" elapsed="0.217992"/>
</kw>
<status status="PASS" start="2025-10-22T16:58:14.943243" elapsed="0.284871"/>
</kw>
<status status="PASS" start="2025-10-22T16:58:14.942786" elapsed="0.285647"/>
</test>
<test id="s1-t8" name="Buy Test" line="31">
<kw name="Buy" owner="keywords">
<kw name="Wait Until Element Is Clickable" owner="keywords">
<kw name="Wait Until Element Is Visible" owner="SeleniumLibrary">
<arg>${locator}</arg>
<arg>${timeout}</arg>
<doc>Waits until the element ``locator`` is visible.</doc>
<status status="PASS" start="2025-10-22T16:58:15.229835" elapsed="0.441080"/>
</kw>
<kw name="Wait Until Element Is Enabled" owner="SeleniumLibrary">
<arg>${locator}</arg>
<arg>${timeout}</arg>
<doc>Waits until the element ``locator`` is enabled.</doc>
<status status="PASS" start="2025-10-22T16:58:15.671297" elapsed="0.016565"/>
</kw>
<arg>xpath=//a[text()='ASUS Full HD']</arg>
<status status="PASS" start="2025-10-22T16:58:15.229652" elapsed="0.458314"/>
</kw>
<kw name="Click Link" owner="SeleniumLibrary">
<msg time="2025-10-22T16:58:15.688268" level="INFO">Clicking link 'xpath=//a[text()='ASUS Full HD']'.</msg>
<arg>xpath=//a[text()='ASUS Full HD']</arg>
<doc>Clicks a link identified by ``locator``.</doc>
<status status="PASS" start="2025-10-22T16:58:15.688094" elapsed="0.323405"/>
</kw>
<kw name="Wait Until Element Is Clickable" owner="keywords">
<kw name="Wait Until Element Is Visible" owner="SeleniumLibrary">
<arg>${locator}</arg>
<arg>${timeout}</arg>
<doc>Waits until the element ``locator`` is visible.</doc>
<status status="PASS" start="2025-10-22T16:58:16.012008" elapsed="0.440567"/>
</kw>
<kw name="Wait Until Element Is Enabled" owner="SeleniumLibrary">
<arg>${locator}</arg>
<arg>${timeout}</arg>
<doc>Waits until the element ``locator`` is enabled.</doc>
<status status="PASS" start="2025-10-22T16:58:16.452857" elapsed="0.013485"/>
</kw>
<arg>xpath=//a[text()='Add to cart']</arg>
<arg>3s</arg>
<status status="PASS" start="2025-10-22T16:58:16.011718" elapsed="0.454842"/>
</kw>
<kw name="Click Element" owner="SeleniumLibrary">
<msg time="2025-10-22T16:58:16.467187" level="INFO">Clicking element 'xpath=//a[text()='Add to cart']'.</msg>
<arg>xpath=//a[text()='Add to cart']</arg>
<doc>Click the element identified by ``locator``.</doc>
<status status="PASS" start="2025-10-22T16:58:16.466838" elapsed="0.046921"/>
</kw>
<kw name="Run Keyword And Ignore Error" owner="BuiltIn">
<kw name="Handle Alert" owner="SeleniumLibrary">
<msg time="2025-10-22T16:58:16.514238" level="INFO">HANDLE::&lt;class 'NoneType'&gt;::None</msg>
<arg>action=ACCEPT</arg>
<doc>Handles the current alert and returns its message.</doc>
<status status="PASS" start="2025-10-22T16:58:16.514115" elapsed="0.510760"/>
</kw>
<arg>Handle Alert</arg>
<arg>action=ACCEPT</arg>
<doc>Runs the given keyword with the given arguments and ignores possible error.</doc>
<status status="PASS" start="2025-10-22T16:58:16.513960" elapsed="0.511016"/>
</kw>
<kw name="Click Link" owner="SeleniumLibrary">
<msg time="2025-10-22T16:58:17.025374" level="INFO">Clicking link 'xpath=//a[text()='Cart']'.</msg>
<arg>xpath=//a[text()='Cart']</arg>
<doc>Clicks a link identified by ``locator``.</doc>
<status status="PASS" start="2025-10-22T16:58:17.025169" elapsed="0.079841"/>
</kw>
<kw name="Wait Until Page Contains" owner="SeleniumLibrary">
<arg>ASUS Full HD</arg>
<arg>7s</arg>
<doc>Waits until ``text`` appears on the current page.</doc>
<status status="PASS" start="2025-10-22T16:58:17.105239" elapsed="1.064168"/>
</kw>
<status status="PASS" start="2025-10-22T16:58:15.229454" elapsed="2.940046"/>
</kw>
<status status="PASS" start="2025-10-22T16:58:15.229087" elapsed="2.941000"/>
</test>
<test id="s1-t9" name="About Us Page Test" line="34">
<kw name="About Us Page" owner="keywords">
<kw name="Wait Until Element Is Clickable" owner="keywords">
<kw name="Wait Until Element Is Visible" owner="SeleniumLibrary">
<arg>${locator}</arg>
<arg>${timeout}</arg>
<doc>Waits until the element ``locator`` is visible.</doc>
<status status="PASS" start="2025-10-22T16:58:18.171465" elapsed="0.019024"/>
</kw>
<kw name="Wait Until Element Is Enabled" owner="SeleniumLibrary">
<arg>${locator}</arg>
<arg>${timeout}</arg>
<doc>Waits until the element ``locator`` is enabled.</doc>
<status status="PASS" start="2025-10-22T16:58:18.190748" elapsed="0.014209"/>
</kw>
<arg>xpath=//a[text()='About us']</arg>
<status status="PASS" start="2025-10-22T16:58:18.171279" elapsed="0.033772"/>
</kw>
<kw name="Click Element" owner="SeleniumLibrary">
<msg time="2025-10-22T16:58:18.205312" level="INFO">Clicking element 'xpath=//a[text()='About us']'.</msg>
<arg>xpath=//a[text()='About us']</arg>
<doc>Click the element identified by ``locator``.</doc>
<status status="PASS" start="2025-10-22T16:58:18.205161" elapsed="0.035742"/>
</kw>
<kw name="Wait Until Element Is Visible" owner="SeleniumLibrary">
<arg>id=videoModal</arg>
<arg>5s</arg>
<doc>Waits until the element ``locator`` is visible.</doc>
<status status="PASS" start="2025-10-22T16:58:18.241071" elapsed="0.221744"/>
</kw>
<kw name="Run Keyword And Ignore Error" owner="BuiltIn">
<kw name="Click Element" owner="SeleniumLibrary">
<msg time="2025-10-22T16:58:18.463262" level="INFO">Clicking element 'xpath=//div[@id='videoModal']//button[@class='close']'.</msg>
<msg time="2025-10-22T16:58:18.586994" level="INFO" html="true">&lt;/td&gt;&lt;/tr&gt;&lt;tr&gt;&lt;td colspan="3"&gt;&lt;a href="selenium-screenshot-334.png"&gt;&lt;img src="selenium-screenshot-334.png" width="800px"&gt;&lt;/a&gt;</msg>
<msg time="2025-10-22T16:58:18.587159" level="FAIL">ElementNotInteractableException: Message: element not interactable
  (Session info: chrome=141.0.7390.108); For documentation on this error, please visit: https://www.selenium.dev/documentation/webdriver/troubleshooting/errors#elementnotinteractableexception
Stacktrace:
	GetHandleVerifier [0x0x7ff68250e9e5+80021]
	GetHandleVerifier [0x0x7ff68250ea40+80112]
	(No symbol) [0x0x7ff682290425]
	(No symbol) [0x0x7ff6822e9dc3]
	(No symbol) [0x0x7ff6822db7c8]
	(No symbol) [0x0x7ff68231122a]
	(No symbol) [0x0x7ff6822db056]
	(No symbol) [0x0x7ff682311440]
	(No symbol) [0x0x7ff68233968a]
	(No symbol) [0x0x7ff682311003]
	(No symbol) [0x0x7ff6822d95d1]
	(No symbol) [0x0x7ff6822da3f3]
	GetHandleVerifier [0x0x7ff6827cdd8d+2960445]
	GetHandleVerifier [0x0x7ff6827c804a+2936570]
	GetHandleVerifier [0x0x7ff6827e8a87+3070263]
	GetHandleVerifier [0x0x7ff6825284ce+185214]
	GetHandleVerifier [0x0x7ff68252ff1f+216527]
	GetHandleVerifier [0x0x7ff682517c24+117460]
	GetHandleVerifier [0x0x7ff682517ddf+117903]
	GetHandleVerifier [0x0x7ff6824fdcb8+11112]
	BaseThreadInitThunk [0x0x7ffa6430e8d7+23]
	RtlUserThreadStart [0x0x7ffa6610c53c+44]
</msg>
<arg>xpath=//div[@id='videoModal']//button[@class='close']</arg>
<doc>Click the element identified by ``locator``.</doc>
<status status="FAIL" start="2025-10-22T16:58:18.463120" elapsed="0.124909">ElementNotInteractableException: Message: element not interactable
  (Session info: chrome=141.0.7390.108); For documentation on this error, please visit: https://www.selenium.dev/documentation/webdriver/troubleshooting/errors#elementnotinteractableexception
Stacktrace:
	GetHandleVerifier [0x0x7ff68250e9e5+80021]
	GetHandleVerifier [0x0x7ff68250ea40+80112]
	(No symbol) [0x0x7ff682290425]
	(No symbol) [0x0x7ff6822e9dc3]
	(No symbol) [0x0x7ff6822db7c8]
	(No symbol) [0x0x7ff68231122a]
	(No symbol) [0x0x7ff6822db056]
	(No symbol) [0x0x7ff682311440]
	(No symbol) [0x0x7ff68233968a]
	(No symbol) [0x0x7ff682311003]
	(No symbol) [0x0x7ff6822d95d1]
	(No symbol) [0x0x7ff6822da3f3]
	GetHandleVerifier [0x0x7ff6827cdd8d+2960445]
	GetHandleVerifier [0x0x7ff6827c804a+2936570]
	GetHandleVerifier [0x0x7ff6827e8a87+3070263]
	GetHandleVerifier [0x0x7ff6825284ce+185214]
	GetHandleVerifier [0x0x7ff68252ff1f+216527]
	GetHandleVerifier [0x0x7ff682517c24+117460]
	GetHandleVerifier [0x0x7ff682517ddf+117903]
	GetHandleVerifier [0x0x7ff6824fdcb8+11112]
	BaseThreadInitThunk [0x0x7ffa6430e8d7+23]
	RtlUserThreadStart [0x0x7ffa6610c53c+44]
</status>
</kw>
<arg>Click Element</arg>
<arg>xpath=//div[@id='videoModal']//button[@class='close']</arg>
<doc>Runs the given keyword with the given arguments and ignores possible error.</doc>
<status status="PASS" start="2025-10-22T16:58:18.462982" elapsed="0.125142"/>
</kw>
<status status="PASS" start="2025-10-22T16:58:18.171088" elapsed="0.417092"/>
</kw>
<status status="PASS" start="2025-10-22T16:58:18.170787" elapsed="0.417725"/>
</test>
<kw name="Close Demo" owner="keywords" type="TEARDOWN">
<kw name="Close Browser" owner="SeleniumLibrary">
<doc>Closes the current browser.</doc>
<status status="PASS" start="2025-10-22T16:58:18.589648" elapsed="2.128285"/>
</kw>
<status status="PASS" start="2025-10-22T16:58:18.589488" elapsed="2.128671"/>
</kw>
<status status="PASS" start="2025-10-22T16:57:48.012790" elapsed="32.705462"/>
</suite>
<statistics>
<total>
<stat pass="9" fail="0" skip="0">All Tests</stat>
</total>
<tag>
</tag>
<suite>
<stat name="Suite" id="s1" pass="9" fail="0" skip="0">Suite</stat>
</suite>
</statistics>
<errors>
<msg time="2025-10-22T16:57:48.195962" level="WARN">exexcutable_path is being deprecated. Please use service to configure the driver's executable_path as per documentation.</msg>
</errors>
</robot>
