<?xml version="1.0" encoding="UTF-8"?>
<robot generator="Robot 7.3.2 (Python 3.13.8 on win32)" generated="2025-10-23T17:46:05.959587" rpa="false" schemaversion="5">
<suite id="s1" name="Suite" source="C:\Users\IVoitovich\Desktop\Project-Testing\Soft_Test_Task2\tests\suite.robot">
<kw name="Open Demo Blaze" owner="keywords" type="SETUP">
<kw name="Open Browser" owner="SeleniumLibrary">
<msg time="2025-10-23T17:46:06.275615" level="WARN">exexcutable_path is being deprecated. Please use service to configure the driver's executable_path as per documentation.</msg>
<msg time="2025-10-23T17:46:06.275858" level="INFO">Opening browser 'chrome' to base url 'https://www.demoblaze.com/'.</msg>
<arg>${url}</arg>
<arg>${BROWSER}</arg>
<arg>executable_path=${CHROMEDRIVER}</arg>
<doc>Opens a new browser instance to the optional ``url``.</doc>
<status status="PASS" start="2025-10-23T17:46:06.275354" elapsed="2.395323"/>
</kw>
<kw name="Maximize Browser Window" owner="SeleniumLibrary">
<doc>Maximizes current browser window.</doc>
<status status="PASS" start="2025-10-23T17:46:08.670928" elapsed="0.032249"/>
</kw>
<kw name="Wait Until Page Contains Element" owner="SeleniumLibrary">
<arg>xpath=//nav</arg>
<arg>10s</arg>
<doc>Waits until the element ``locator`` appears on the current page.</doc>
<status status="PASS" start="2025-10-23T17:46:08.703382" elapsed="0.010086"/>
</kw>
<status status="PASS" start="2025-10-23T17:46:06.274769" elapsed="2.438817"/>
</kw>
<test id="s1-t1" name="Sign Up Test" line="10">
<kw name="Sign Up User" owner="keywords">
<kw name="Wait Until Element Is Clickable" owner="keywords">
<kw name="Wait Until Element Is Visible" owner="SeleniumLibrary">
<arg>${locator}</arg>
<arg>${timeout}</arg>
<doc>Waits until the element ``locator`` is visible.</doc>
<status status="PASS" start="2025-10-23T17:46:08.714756" elapsed="0.080075"/>
</kw>
<kw name="Wait Until Element Is Enabled" owner="SeleniumLibrary">
<arg>${locator}</arg>
<arg>${timeout}</arg>
<doc>Waits until the element ``locator`` is enabled.</doc>
<status status="PASS" start="2025-10-23T17:46:08.795016" elapsed="0.014695"/>
</kw>
<arg>id=signin2</arg>
<status status="PASS" start="2025-10-23T17:46:08.714555" elapsed="0.095269"/>
</kw>
<kw name="Click Element" owner="SeleniumLibrary">
<msg time="2025-10-23T17:46:08.810119" level="INFO">Clicking element 'id=signin2'.</msg>
<arg>id=signin2</arg>
<doc>Click the element identified by ``locator``.</doc>
<status status="PASS" start="2025-10-23T17:46:08.809943" elapsed="0.081818"/>
</kw>
<kw name="Wait Until Element Is Visible" owner="SeleniumLibrary">
<arg>id=sign-username</arg>
<arg>3s</arg>
<doc>Waits until the element ``locator`` is visible.</doc>
<status status="PASS" start="2025-10-23T17:46:08.891953" elapsed="0.225882"/>
</kw>
<kw name="Input Text" owner="SeleniumLibrary">
<msg time="2025-10-23T17:46:09.118213" level="INFO">Typing text 'IvanVoitovich007' into text field 'id=sign-username'.</msg>
<arg>id=sign-username</arg>
<arg>${USERNAME}</arg>
<doc>Types the given ``text`` into the text field identified by ``locator``.</doc>
<status status="PASS" start="2025-10-23T17:46:09.117999" elapsed="0.074631"/>
</kw>
<kw name="Input Text" owner="SeleniumLibrary">
<msg time="2025-10-23T17:46:09.193122" level="INFO">Typing text 'Ivan007' into text field 'id=sign-password'.</msg>
<arg>id=sign-password</arg>
<arg>${PASSWORD}</arg>
<doc>Types the given ``text`` into the text field identified by ``locator``.</doc>
<status status="PASS" start="2025-10-23T17:46:09.192831" elapsed="0.066241"/>
</kw>
<kw name="Click Button" owner="SeleniumLibrary">
<msg time="2025-10-23T17:46:09.259458" level="INFO">Clicking button 'xpath=//button[text()='Sign up']'.</msg>
<arg>xpath=//button[text()='Sign up']</arg>
<doc>Clicks the button identified by ``locator``.</doc>
<status status="PASS" start="2025-10-23T17:46:09.259271" elapsed="0.057962"/>
</kw>
<kw name="Run Keyword And Ignore Error" owner="BuiltIn">
<kw name="Handle Alert" owner="SeleniumLibrary">
<msg time="2025-10-23T17:46:09.317706" level="INFO">HANDLE::&lt;class 'NoneType'&gt;::None</msg>
<arg>action=ACCEPT</arg>
<doc>Handles the current alert and returns its message.</doc>
<status status="PASS" start="2025-10-23T17:46:09.317567" elapsed="0.505479"/>
</kw>
<arg>Handle Alert</arg>
<arg>action=ACCEPT</arg>
<doc>Runs the given keyword with the given arguments and ignores possible error.</doc>
<status status="PASS" start="2025-10-23T17:46:09.317419" elapsed="0.505758"/>
</kw>
<kw name="Sleep" owner="BuiltIn">
<msg time="2025-10-23T17:46:10.823582" level="INFO">Slept 1 second.</msg>
<arg>1s</arg>
<doc>Pauses the test executed for the given time.</doc>
<status status="PASS" start="2025-10-23T17:46:09.823317" elapsed="1.000376"/>
</kw>
<kw name="Run Keyword And Ignore Error" owner="BuiltIn">
<kw name="Click Element" owner="SeleniumLibrary">
<msg time="2025-10-23T17:46:10.824125" level="INFO">Clicking element 'xpath=//div[@id='signInModal']//button[@class='close']'.</msg>
<arg>xpath=//div[@id='signInModal']//button[@class='close']</arg>
<doc>Click the element identified by ``locator``.</doc>
<status status="PASS" start="2025-10-23T17:46:10.823991" elapsed="0.043841"/>
</kw>
<arg>Click Element</arg>
<arg>xpath=//div[@id='signInModal']//button[@class='close']</arg>
<doc>Runs the given keyword with the given arguments and ignores possible error.</doc>
<status status="PASS" start="2025-10-23T17:46:10.823852" elapsed="0.044067"/>
</kw>
<kw name="Sleep" owner="BuiltIn">
<msg time="2025-10-23T17:46:11.868686" level="INFO">Slept 1 second.</msg>
<arg>1s</arg>
<doc>Pauses the test executed for the given time.</doc>
<status status="PASS" start="2025-10-23T17:46:10.868040" elapsed="1.000755"/>
</kw>
<status status="PASS" start="2025-10-23T17:46:08.714299" elapsed="3.154580"/>
</kw>
<status status="PASS" start="2025-10-23T17:46:08.713666" elapsed="3.155625"/>
</test>
<test id="s1-t2" name="Login Test" line="13">
<kw name="Login User" owner="keywords">
<kw name="Wait Until Element Is Clickable" owner="keywords">
<kw name="Wait Until Element Is Visible" owner="SeleniumLibrary">
<arg>${locator}</arg>
<arg>${timeout}</arg>
<doc>Waits until the element ``locator`` is visible.</doc>
<status status="PASS" start="2025-10-23T17:46:11.870981" elapsed="0.013691"/>
</kw>
<kw name="Wait Until Element Is Enabled" owner="SeleniumLibrary">
<arg>${locator}</arg>
<arg>${timeout}</arg>
<doc>Waits until the element ``locator`` is enabled.</doc>
<status status="PASS" start="2025-10-23T17:46:11.884838" elapsed="0.011737"/>
</kw>
<arg>id=login2</arg>
<status status="PASS" start="2025-10-23T17:46:11.870804" elapsed="0.025871"/>
</kw>
<kw name="Click Element" owner="SeleniumLibrary">
<msg time="2025-10-23T17:46:11.896956" level="INFO">Clicking element 'id=login2'.</msg>
<arg>id=login2</arg>
<doc>Click the element identified by ``locator``.</doc>
<status status="PASS" start="2025-10-23T17:46:11.896790" elapsed="0.037863"/>
</kw>
<kw name="Wait Until Element Is Visible" owner="SeleniumLibrary">
<arg>id=loginusername</arg>
<arg>3s</arg>
<doc>Waits until the element ``locator`` is visible.</doc>
<status status="PASS" start="2025-10-23T17:46:11.934823" elapsed="0.223971"/>
</kw>
<kw name="Input Text" owner="SeleniumLibrary">
<msg time="2025-10-23T17:46:12.159171" level="INFO">Typing text 'IvanVoitovich007' into text field 'id=loginusername'.</msg>
<arg>id=loginusername</arg>
<arg>${username}</arg>
<doc>Types the given ``text`` into the text field identified by ``locator``.</doc>
<status status="PASS" start="2025-10-23T17:46:12.158961" elapsed="0.051351"/>
</kw>
<kw name="Input Text" owner="SeleniumLibrary">
<msg time="2025-10-23T17:46:12.210700" level="INFO">Typing text 'Ivan007' into text field 'id=loginpassword'.</msg>
<arg>id=loginpassword</arg>
<arg>${password}</arg>
<doc>Types the given ``text`` into the text field identified by ``locator``.</doc>
<status status="PASS" start="2025-10-23T17:46:12.210488" elapsed="0.056995"/>
</kw>
<kw name="Click Button" owner="SeleniumLibrary">
<msg time="2025-10-23T17:46:12.267835" level="INFO">Clicking button 'xpath=//button[text()='Log in']'.</msg>
<arg>xpath=//button[text()='Log in']</arg>
<doc>Clicks the button identified by ``locator``.</doc>
<status status="PASS" start="2025-10-23T17:46:12.267662" elapsed="0.053792"/>
</kw>
<kw name="Run Keyword And Return Status" owner="BuiltIn">
<kw name="Handle Alert" owner="SeleniumLibrary">
<msg time="2025-10-23T17:46:12.321877" level="INFO">HANDLE::&lt;class 'NoneType'&gt;::None</msg>
<msg time="2025-10-23T17:46:17.527343" level="INFO" html="true">&lt;/td&gt;&lt;/tr&gt;&lt;tr&gt;&lt;td colspan="3"&gt;&lt;a href="selenium-screenshot-343.png"&gt;&lt;img src="selenium-screenshot-343.png" width="800px"&gt;&lt;/a&gt;</msg>
<msg time="2025-10-23T17:46:17.527679" level="FAIL">Alert not found in 5 seconds.</msg>
<arg>action=ACCEPT</arg>
<doc>Handles the current alert and returns its message.</doc>
<status status="FAIL" start="2025-10-23T17:46:12.321758" elapsed="5.276658">Alert not found in 5 seconds.</status>
</kw>
<msg time="2025-10-23T17:46:17.598565" level="INFO">${alert_status} = False</msg>
<var>${alert_status}</var>
<arg>Handle Alert</arg>
<arg>action=ACCEPT</arg>
<doc>Runs the given keyword with given arguments and returns the status as a Boolean value.</doc>
<status status="PASS" start="2025-10-23T17:46:12.321623" elapsed="5.276966"/>
</kw>
<kw name="Sleep" owner="BuiltIn">
<msg time="2025-10-23T17:46:18.599009" level="INFO">Slept 1 second.</msg>
<arg>1s</arg>
<doc>Pauses the test executed for the given time.</doc>
<status status="PASS" start="2025-10-23T17:46:17.598697" elapsed="1.000486"/>
</kw>
<kw name="Run Keyword And Ignore Error" owner="BuiltIn">
<kw name="Click Element" owner="SeleniumLibrary">
<msg time="2025-10-23T17:46:18.599631" level="INFO">Clicking element 'xpath=//div[@id='logInModal']//button[@class='close']'.</msg>
<msg time="2025-10-23T17:46:18.819283" level="INFO" html="true">&lt;/td&gt;&lt;/tr&gt;&lt;tr&gt;&lt;td colspan="3"&gt;&lt;a href="selenium-screenshot-344.png"&gt;&lt;img src="selenium-screenshot-344.png" width="800px"&gt;&lt;/a&gt;</msg>
<msg time="2025-10-23T17:46:18.819499" level="FAIL">ElementNotInteractableException: Message: element not interactable
  (Session info: chrome=141.0.7390.123); For documentation on this error, please visit: https://www.selenium.dev/documentation/webdriver/troubleshooting/errors#elementnotinteractableexception
Stacktrace:
	GetHandleVerifier [0x0x7ff676e4e9e5+80021]
	GetHandleVerifier [0x0x7ff676e4ea40+80112]
	(No symbol) [0x0x7ff676bd0425]
	(No symbol) [0x0x7ff676c29dc3]
	(No symbol) [0x0x7ff676c1b7c8]
	(No symbol) [0x0x7ff676c5122a]
	(No symbol) [0x0x7ff676c1b056]
	(No symbol) [0x0x7ff676c51440]
	(No symbol) [0x0x7ff676c7968a]
	(No symbol) [0x0x7ff676c51003]
	(No symbol) [0x0x7ff676c195d1]
	(No symbol) [0x0x7ff676c1a3f3]
	GetHandleVerifier [0x0x7ff67710dd8d+2960445]
	GetHandleVerifier [0x0x7ff67710804a+2936570]
	GetHandleVerifier [0x0x7ff677128a87+3070263]
	GetHandleVerifier [0x0x7ff676e684ce+185214]
	GetHandleVerifier [0x0x7ff676e6ff1f+216527]
	GetHandleVerifier [0x0x7ff676e57c24+117460]
	GetHandleVerifier [0x0x7ff676e57ddf+117903]
	GetHandleVerifier [0x0x7ff676e3dcb8+11112]
	BaseThreadInitThunk [0x0x7ff8019be8d7+23]
	RtlUserThreadStart [0x0x7ff801eec53c+44]
</msg>
<arg>xpath=//div[@id='logInModal']//button[@class='close']</arg>
<doc>Click the element identified by ``locator``.</doc>
<status status="FAIL" start="2025-10-23T17:46:18.599490" elapsed="0.288228">ElementNotInteractableException: Message: element not interactable
  (Session info: chrome=141.0.7390.123); For documentation on this error, please visit: https://www.selenium.dev/documentation/webdriver/troubleshooting/errors#elementnotinteractableexception
Stacktrace:
	GetHandleVerifier [0x0x7ff676e4e9e5+80021]
	GetHandleVerifier [0x0x7ff676e4ea40+80112]
	(No symbol) [0x0x7ff676bd0425]
	(No symbol) [0x0x7ff676c29dc3]
	(No symbol) [0x0x7ff676c1b7c8]
	(No symbol) [0x0x7ff676c5122a]
	(No symbol) [0x0x7ff676c1b056]
	(No symbol) [0x0x7ff676c51440]
	(No symbol) [0x0x7ff676c7968a]
	(No symbol) [0x0x7ff676c51003]
	(No symbol) [0x0x7ff676c195d1]
	(No symbol) [0x0x7ff676c1a3f3]
	GetHandleVerifier [0x0x7ff67710dd8d+2960445]
	GetHandleVerifier [0x0x7ff67710804a+2936570]
	GetHandleVerifier [0x0x7ff677128a87+3070263]
	GetHandleVerifier [0x0x7ff676e684ce+185214]
	GetHandleVerifier [0x0x7ff676e6ff1f+216527]
	GetHandleVerifier [0x0x7ff676e57c24+117460]
	GetHandleVerifier [0x0x7ff676e57ddf+117903]
	GetHandleVerifier [0x0x7ff676e3dcb8+11112]
	BaseThreadInitThunk [0x0x7ff8019be8d7+23]
	RtlUserThreadStart [0x0x7ff801eec53c+44]
</status>
</kw>
<arg>Click Element</arg>
<arg>xpath=//div[@id='logInModal']//button[@class='close']</arg>
<doc>Runs the given keyword with the given arguments and ignores possible error.</doc>
<status status="PASS" start="2025-10-23T17:46:18.599348" elapsed="0.288486"/>
</kw>
<kw name="Sleep" owner="BuiltIn">
<msg time="2025-10-23T17:46:19.888531" level="INFO">Slept 1 second.</msg>
<arg>1s</arg>
<doc>Pauses the test executed for the given time.</doc>
<status status="PASS" start="2025-10-23T17:46:18.887987" elapsed="1.000651"/>
</kw>
<kw name="Run Keyword And Return Status" owner="BuiltIn">
<kw name="Wait Until Page Contains" owner="SeleniumLibrary">
<arg>Welcome ${username}</arg>
<arg>10s</arg>
<doc>Waits until ``text`` appears on the current page.</doc>
<status status="PASS" start="2025-10-23T17:46:19.888943" elapsed="0.011518"/>
</kw>
<msg time="2025-10-23T17:46:19.900796" level="INFO">${login_success} = True</msg>
<var>${login_success}</var>
<arg>Wait Until Page Contains</arg>
<arg>Welcome ${username}</arg>
<arg>10s</arg>
<doc>Runs the given keyword with given arguments and returns the status as a Boolean value.</doc>
<status status="PASS" start="2025-10-23T17:46:19.888800" elapsed="0.012062"/>
</kw>
<kw name="Run Keyword If" owner="BuiltIn">
<arg>not ${login_success}</arg>
<arg>Fail</arg>
<arg>Login failed for user '${username}'</arg>
<doc>Runs the given keyword with the given arguments, if ``condition`` is true.</doc>
<status status="PASS" start="2025-10-23T17:46:19.901153" elapsed="0.000461"/>
</kw>
<status status="PASS" start="2025-10-23T17:46:11.870539" elapsed="8.031237"/>
</kw>
<status status="PASS" start="2025-10-23T17:46:11.870030" elapsed="8.032130"/>
</test>
<test id="s1-t3" name="Logout Test" line="16">
<kw name="Logout User" owner="keywords">
<kw name="Wait Until Element Is Clickable" owner="keywords">
<kw name="Wait Until Element Is Visible" owner="SeleniumLibrary">
<arg>${locator}</arg>
<arg>${timeout}</arg>
<doc>Waits until the element ``locator`` is visible.</doc>
<status status="PASS" start="2025-10-23T17:46:19.904391" elapsed="0.012405"/>
</kw>
<kw name="Wait Until Element Is Enabled" owner="SeleniumLibrary">
<arg>${locator}</arg>
<arg>${timeout}</arg>
<doc>Waits until the element ``locator`` is enabled.</doc>
<status status="PASS" start="2025-10-23T17:46:19.916955" elapsed="0.010447"/>
</kw>
<arg>id=logout2</arg>
<status status="PASS" start="2025-10-23T17:46:19.903869" elapsed="0.023631"/>
</kw>
<kw name="Click Element" owner="SeleniumLibrary">
<msg time="2025-10-23T17:46:19.927771" level="INFO">Clicking element 'id=logout2'.</msg>
<arg>id=logout2</arg>
<doc>Click the element identified by ``locator``.</doc>
<status status="PASS" start="2025-10-23T17:46:19.927612" elapsed="0.526714"/>
</kw>
<kw name="Wait Until Element Is Visible" owner="SeleniumLibrary">
<arg>id=login2</arg>
<arg>3s</arg>
<doc>Waits until the element ``locator`` is visible.</doc>
<status status="PASS" start="2025-10-23T17:46:20.454502" elapsed="0.010607"/>
</kw>
<status status="PASS" start="2025-10-23T17:46:19.903351" elapsed="0.561864"/>
</kw>
<status status="PASS" start="2025-10-23T17:46:19.902696" elapsed="0.562890"/>
</test>
<test id="s1-t4" name="Login Again Test" line="19">
<kw name="Login User" owner="keywords">
<kw name="Wait Until Element Is Clickable" owner="keywords">
<kw name="Wait Until Element Is Visible" owner="SeleniumLibrary">
<arg>${locator}</arg>
<arg>${timeout}</arg>
<doc>Waits until the element ``locator`` is visible.</doc>
<status status="PASS" start="2025-10-23T17:46:20.466930" elapsed="0.008899"/>
</kw>
<kw name="Wait Until Element Is Enabled" owner="SeleniumLibrary">
<arg>${locator}</arg>
<arg>${timeout}</arg>
<doc>Waits until the element ``locator`` is enabled.</doc>
<status status="PASS" start="2025-10-23T17:46:20.476083" elapsed="0.011808"/>
</kw>
<arg>id=login2</arg>
<status status="PASS" start="2025-10-23T17:46:20.466734" elapsed="0.021294"/>
</kw>
<kw name="Click Element" owner="SeleniumLibrary">
<msg time="2025-10-23T17:46:20.488377" level="INFO">Clicking element 'id=login2'.</msg>
<arg>id=login2</arg>
<doc>Click the element identified by ``locator``.</doc>
<status status="PASS" start="2025-10-23T17:46:20.488151" elapsed="0.035505"/>
</kw>
<kw name="Wait Until Element Is Visible" owner="SeleniumLibrary">
<arg>id=loginusername</arg>
<arg>3s</arg>
<doc>Waits until the element ``locator`` is visible.</doc>
<status status="PASS" start="2025-10-23T17:46:20.523829" elapsed="0.220629"/>
</kw>
<kw name="Input Text" owner="SeleniumLibrary">
<msg time="2025-10-23T17:46:20.744841" level="INFO">Typing text 'IvanVoitovich007' into text field 'id=loginusername'.</msg>
<arg>id=loginusername</arg>
<arg>${username}</arg>
<doc>Types the given ``text`` into the text field identified by ``locator``.</doc>
<status status="PASS" start="2025-10-23T17:46:20.744624" elapsed="0.059267"/>
</kw>
<kw name="Input Text" owner="SeleniumLibrary">
<msg time="2025-10-23T17:46:20.804316" level="INFO">Typing text 'Ivan007' into text field 'id=loginpassword'.</msg>
<arg>id=loginpassword</arg>
<arg>${password}</arg>
<doc>Types the given ``text`` into the text field identified by ``locator``.</doc>
<status status="PASS" start="2025-10-23T17:46:20.804097" elapsed="0.043692"/>
</kw>
<kw name="Click Button" owner="SeleniumLibrary">
<msg time="2025-10-23T17:46:20.848175" level="INFO">Clicking button 'xpath=//button[text()='Log in']'.</msg>
<arg>xpath=//button[text()='Log in']</arg>
<doc>Clicks the button identified by ``locator``.</doc>
<status status="PASS" start="2025-10-23T17:46:20.847958" elapsed="0.063594"/>
</kw>
<kw name="Run Keyword And Return Status" owner="BuiltIn">
<kw name="Handle Alert" owner="SeleniumLibrary">
<msg time="2025-10-23T17:46:20.911970" level="INFO">HANDLE::&lt;class 'NoneType'&gt;::None</msg>
<msg time="2025-10-23T17:46:26.112079" level="INFO" html="true">&lt;/td&gt;&lt;/tr&gt;&lt;tr&gt;&lt;td colspan="3"&gt;&lt;a href="selenium-screenshot-345.png"&gt;&lt;img src="selenium-screenshot-345.png" width="800px"&gt;&lt;/a&gt;</msg>
<msg time="2025-10-23T17:46:26.112211" level="FAIL">Alert not found in 5 seconds.</msg>
<arg>action=ACCEPT</arg>
<doc>Handles the current alert and returns its message.</doc>
<status status="FAIL" start="2025-10-23T17:46:20.911863" elapsed="5.201296">Alert not found in 5 seconds.</status>
</kw>
<msg time="2025-10-23T17:46:26.113290" level="INFO">${alert_status} = False</msg>
<var>${alert_status}</var>
<arg>Handle Alert</arg>
<arg>action=ACCEPT</arg>
<doc>Runs the given keyword with given arguments and returns the status as a Boolean value.</doc>
<status status="PASS" start="2025-10-23T17:46:20.911725" elapsed="5.201587"/>
</kw>
<kw name="Sleep" owner="BuiltIn">
<msg time="2025-10-23T17:46:27.113669" level="INFO">Slept 1 second.</msg>
<arg>1s</arg>
<doc>Pauses the test executed for the given time.</doc>
<status status="PASS" start="2025-10-23T17:46:26.113431" elapsed="1.000390"/>
</kw>
<kw name="Run Keyword And Ignore Error" owner="BuiltIn">
<kw name="Click Element" owner="SeleniumLibrary">
<msg time="2025-10-23T17:46:27.114647" level="INFO">Clicking element 'xpath=//div[@id='logInModal']//button[@class='close']'.</msg>
<msg time="2025-10-23T17:46:27.302467" level="INFO" html="true">&lt;/td&gt;&lt;/tr&gt;&lt;tr&gt;&lt;td colspan="3"&gt;&lt;a href="selenium-screenshot-346.png"&gt;&lt;img src="selenium-screenshot-346.png" width="800px"&gt;&lt;/a&gt;</msg>
<msg time="2025-10-23T17:46:27.302646" level="FAIL">ElementNotInteractableException: Message: element not interactable
  (Session info: chrome=141.0.7390.123); For documentation on this error, please visit: https://www.selenium.dev/documentation/webdriver/troubleshooting/errors#elementnotinteractableexception
Stacktrace:
	GetHandleVerifier [0x0x7ff676e4e9e5+80021]
	GetHandleVerifier [0x0x7ff676e4ea40+80112]
	(No symbol) [0x0x7ff676bd0425]
	(No symbol) [0x0x7ff676c29dc3]
	(No symbol) [0x0x7ff676c1b7c8]
	(No symbol) [0x0x7ff676c5122a]
	(No symbol) [0x0x7ff676c1b056]
	(No symbol) [0x0x7ff676c51440]
	(No symbol) [0x0x7ff676c7968a]
	(No symbol) [0x0x7ff676c51003]
	(No symbol) [0x0x7ff676c195d1]
	(No symbol) [0x0x7ff676c1a3f3]
	GetHandleVerifier [0x0x7ff67710dd8d+2960445]
	GetHandleVerifier [0x0x7ff67710804a+2936570]
	GetHandleVerifier [0x0x7ff677128a87+3070263]
	GetHandleVerifier [0x0x7ff676e684ce+185214]
	GetHandleVerifier [0x0x7ff676e6ff1f+216527]
	GetHandleVerifier [0x0x7ff676e57c24+117460]
	GetHandleVerifier [0x0x7ff676e57ddf+117903]
	GetHandleVerifier [0x0x7ff676e3dcb8+11112]
	BaseThreadInitThunk [0x0x7ff8019be8d7+23]
	RtlUserThreadStart [0x0x7ff801eec53c+44]
</msg>
<arg>xpath=//div[@id='logInModal']//button[@class='close']</arg>
<doc>Click the element identified by ``locator``.</doc>
<status status="FAIL" start="2025-10-23T17:46:27.114368" elapsed="0.189220">ElementNotInteractableException: Message: element not interactable
  (Session info: chrome=141.0.7390.123); For documentation on this error, please visit: https://www.selenium.dev/documentation/webdriver/troubleshooting/errors#elementnotinteractableexception
Stacktrace:
	GetHandleVerifier [0x0x7ff676e4e9e5+80021]
	GetHandleVerifier [0x0x7ff676e4ea40+80112]
	(No symbol) [0x0x7ff676bd0425]
	(No symbol) [0x0x7ff676c29dc3]
	(No symbol) [0x0x7ff676c1b7c8]
	(No symbol) [0x0x7ff676c5122a]
	(No symbol) [0x0x7ff676c1b056]
	(No symbol) [0x0x7ff676c51440]
	(No symbol) [0x0x7ff676c7968a]
	(No symbol) [0x0x7ff676c51003]
	(No symbol) [0x0x7ff676c195d1]
	(No symbol) [0x0x7ff676c1a3f3]
	GetHandleVerifier [0x0x7ff67710dd8d+2960445]
	GetHandleVerifier [0x0x7ff67710804a+2936570]
	GetHandleVerifier [0x0x7ff677128a87+3070263]
	GetHandleVerifier [0x0x7ff676e684ce+185214]
	GetHandleVerifier [0x0x7ff676e6ff1f+216527]
	GetHandleVerifier [0x0x7ff676e57c24+117460]
	GetHandleVerifier [0x0x7ff676e57ddf+117903]
	GetHandleVerifier [0x0x7ff676e3dcb8+11112]
	BaseThreadInitThunk [0x0x7ff8019be8d7+23]
	RtlUserThreadStart [0x0x7ff801eec53c+44]
</status>
</kw>
<arg>Click Element</arg>
<arg>xpath=//div[@id='logInModal']//button[@class='close']</arg>
<doc>Runs the given keyword with the given arguments and ignores possible error.</doc>
<status status="PASS" start="2025-10-23T17:46:27.114074" elapsed="0.189606"/>
</kw>
<kw name="Sleep" owner="BuiltIn">
<msg time="2025-10-23T17:46:28.304440" level="INFO">Slept 1 second.</msg>
<arg>1s</arg>
<doc>Pauses the test executed for the given time.</doc>
<status status="PASS" start="2025-10-23T17:46:27.303791" elapsed="1.000879"/>
</kw>
<kw name="Run Keyword And Return Status" owner="BuiltIn">
<kw name="Wait Until Page Contains" owner="SeleniumLibrary">
<arg>Welcome ${username}</arg>
<arg>10s</arg>
<doc>Waits until ``text`` appears on the current page.</doc>
<status status="PASS" start="2025-10-23T17:46:28.305468" elapsed="0.012399"/>
</kw>
<msg time="2025-10-23T17:46:28.317994" level="INFO">${login_success} = True</msg>
<var>${login_success}</var>
<arg>Wait Until Page Contains</arg>
<arg>Welcome ${username}</arg>
<arg>10s</arg>
<doc>Runs the given keyword with given arguments and returns the status as a Boolean value.</doc>
<status status="PASS" start="2025-10-23T17:46:28.305076" elapsed="0.012941"/>
</kw>
<kw name="Run Keyword If" owner="BuiltIn">
<arg>not ${login_success}</arg>
<arg>Fail</arg>
<arg>Login failed for user '${username}'</arg>
<doc>Runs the given keyword with the given arguments, if ``condition`` is true.</doc>
<status status="PASS" start="2025-10-23T17:46:28.318153" elapsed="0.000163"/>
</kw>
<status status="PASS" start="2025-10-23T17:46:20.466470" elapsed="7.851907"/>
</kw>
<status status="PASS" start="2025-10-23T17:46:20.466075" elapsed="7.852580"/>
</test>
<test id="s1-t5" name="Buy Product Test" line="22">
<kw name="Buy Product" owner="keywords">
<kw name="Wait Until Element Is Clickable" owner="keywords">
<kw name="Wait Until Element Is Visible" owner="SeleniumLibrary">
<arg>${locator}</arg>
<arg>${timeout}</arg>
<doc>Waits until the element ``locator`` is visible.</doc>
<status status="PASS" start="2025-10-23T17:46:28.319799" elapsed="0.012635"/>
</kw>
<kw name="Wait Until Element Is Enabled" owner="SeleniumLibrary">
<arg>${locator}</arg>
<arg>${timeout}</arg>
<doc>Waits until the element ``locator`` is enabled.</doc>
<status status="PASS" start="2025-10-23T17:46:28.332591" elapsed="0.011064"/>
</kw>
<arg>xpath=//a[text()='Nokia lumia 1520']</arg>
<status status="PASS" start="2025-10-23T17:46:28.319627" elapsed="0.024122"/>
</kw>
<kw name="Click Link" owner="SeleniumLibrary">
<msg time="2025-10-23T17:46:28.344008" level="INFO">Clicking link 'xpath=//a[text()='Nokia lumia 1520']'.</msg>
<arg>xpath=//a[text()='Nokia lumia 1520']</arg>
<doc>Clicks a link identified by ``locator``.</doc>
<status status="PASS" start="2025-10-23T17:46:28.343858" elapsed="0.499380"/>
</kw>
<kw name="Wait Until Element Is Clickable" owner="keywords">
<kw name="Wait Until Element Is Visible" owner="SeleniumLibrary">
<arg>${locator}</arg>
<arg>${timeout}</arg>
<doc>Waits until the element ``locator`` is visible.</doc>
<status status="PASS" start="2025-10-23T17:46:28.844083" elapsed="0.662980"/>
</kw>
<kw name="Wait Until Element Is Enabled" owner="SeleniumLibrary">
<arg>${locator}</arg>
<arg>${timeout}</arg>
<doc>Waits until the element ``locator`` is enabled.</doc>
<status status="PASS" start="2025-10-23T17:46:29.507428" elapsed="0.013872"/>
</kw>
<arg>xpath=//a[text()='Add to cart']</arg>
<arg>3s</arg>
<status status="PASS" start="2025-10-23T17:46:28.843677" elapsed="0.677719"/>
</kw>
<kw name="Click Element" owner="SeleniumLibrary">
<msg time="2025-10-23T17:46:29.521659" level="INFO">Clicking element 'xpath=//a[text()='Add to cart']'.</msg>
<arg>xpath=//a[text()='Add to cart']</arg>
<doc>Click the element identified by ``locator``.</doc>
<status status="PASS" start="2025-10-23T17:46:29.521507" elapsed="0.039428"/>
</kw>
<kw name="Run Keyword And Ignore Error" owner="BuiltIn">
<kw name="Handle Alert" owner="SeleniumLibrary">
<msg time="2025-10-23T17:46:29.561448" level="INFO">HANDLE::&lt;class 'NoneType'&gt;::None</msg>
<arg>action=ACCEPT</arg>
<doc>Handles the current alert and returns its message.</doc>
<status status="PASS" start="2025-10-23T17:46:29.561331" elapsed="1.013727"/>
</kw>
<arg>Handle Alert</arg>
<arg>action=ACCEPT</arg>
<doc>Runs the given keyword with the given arguments and ignores possible error.</doc>
<status status="PASS" start="2025-10-23T17:46:29.561172" elapsed="1.014108"/>
</kw>
<kw name="Click Link" owner="SeleniumLibrary">
<msg time="2025-10-23T17:46:30.575993" level="INFO">Clicking link 'xpath=//a[text()='Cart']'.</msg>
<arg>xpath=//a[text()='Cart']</arg>
<doc>Clicks a link identified by ``locator``.</doc>
<status status="PASS" start="2025-10-23T17:46:30.575600" elapsed="0.516125"/>
</kw>
<kw name="Wait Until Page Contains" owner="SeleniumLibrary">
<arg>Nokia lumia 1520</arg>
<arg>7s</arg>
<doc>Waits until ``text`` appears on the current page.</doc>
<status status="PASS" start="2025-10-23T17:46:31.091891" elapsed="1.064646"/>
</kw>
<status status="PASS" start="2025-10-23T17:46:28.319440" elapsed="3.837193"/>
</kw>
<status status="PASS" start="2025-10-23T17:46:28.319148" elapsed="3.837800"/>
</test>
<test id="s1-t6" name="Go Home Page Test" line="25">
<kw name="Go Home Page" owner="keywords">
<kw name="Wait Until Element Is Clickable" owner="keywords">
<kw name="Wait Until Element Is Visible" owner="SeleniumLibrary">
<arg>${locator}</arg>
<arg>${timeout}</arg>
<doc>Waits until the element ``locator`` is visible.</doc>
<status status="PASS" start="2025-10-23T17:46:32.159845" elapsed="0.021628"/>
</kw>
<kw name="Wait Until Element Is Enabled" owner="SeleniumLibrary">
<arg>${locator}</arg>
<arg>${timeout}</arg>
<doc>Waits until the element ``locator`` is enabled.</doc>
<status status="PASS" start="2025-10-23T17:46:32.181863" elapsed="0.018300"/>
</kw>
<arg>xpath=//a[text()='Home ']</arg>
<status status="PASS" start="2025-10-23T17:46:32.159255" elapsed="0.041004"/>
</kw>
<kw name="Click Element" owner="SeleniumLibrary">
<msg time="2025-10-23T17:46:32.200528" level="INFO">Clicking element 'xpath=//a[text()='Home ']'.</msg>
<arg>xpath=//a[text()='Home ']</arg>
<doc>Click the element identified by ``locator``.</doc>
<status status="PASS" start="2025-10-23T17:46:32.200372" elapsed="0.492674"/>
</kw>
<kw name="Wait Until Page Contains Element" owner="SeleniumLibrary">
<arg>xpath=//div[@id='tbodyid']</arg>
<arg>5s</arg>
<doc>Waits until the element ``locator`` appears on the current page.</doc>
<status status="PASS" start="2025-10-23T17:46:32.693221" elapsed="0.024175"/>
</kw>
<status status="PASS" start="2025-10-23T17:46:32.158616" elapsed="0.558884"/>
</kw>
<status status="PASS" start="2025-10-23T17:46:32.157907" elapsed="0.559855"/>
</test>
<test id="s1-t7" name="Go Cat_Laptops Test" line="28">
<kw name="Go Cat_Laptops" owner="keywords">
<kw name="Wait Until Element Is Clickable" owner="keywords">
<kw name="Wait Until Element Is Visible" owner="SeleniumLibrary">
<arg>${locator}</arg>
<arg>${timeout}</arg>
<doc>Waits until the element ``locator`` is visible.</doc>
<status status="PASS" start="2025-10-23T17:46:32.718996" elapsed="0.012515"/>
</kw>
<kw name="Wait Until Element Is Enabled" owner="SeleniumLibrary">
<arg>${locator}</arg>
<arg>${timeout}</arg>
<doc>Waits until the element ``locator`` is enabled.</doc>
<status status="PASS" start="2025-10-23T17:46:32.731678" elapsed="0.012714"/>
</kw>
<arg>xpath=//a[text()='Monitors']</arg>
<status status="PASS" start="2025-10-23T17:46:32.718794" elapsed="0.025700"/>
</kw>
<kw name="Click Element" owner="SeleniumLibrary">
<msg time="2025-10-23T17:46:32.744793" level="INFO">Clicking element 'xpath=//a[text()='Monitors']'.</msg>
<arg>xpath=//a[text()='Monitors']</arg>
<doc>Click the element identified by ``locator``.</doc>
<status status="PASS" start="2025-10-23T17:46:32.744624" elapsed="0.039383"/>
</kw>
<kw name="Wait Until Page Contains Element" owner="SeleniumLibrary">
<arg>xpath=//div[@id='tbodyid']//div[contains(@class, 'card')]</arg>
<arg>5s</arg>
<doc>Waits until the element ``locator`` appears on the current page.</doc>
<status status="PASS" start="2025-10-23T17:46:32.784169" elapsed="0.219604"/>
</kw>
<status status="PASS" start="2025-10-23T17:46:32.718562" elapsed="0.285308"/>
</kw>
<status status="PASS" start="2025-10-23T17:46:32.718197" elapsed="0.285943"/>
</test>
<test id="s1-t8" name="Buy Test" line="31">
<kw name="Buy" owner="keywords">
<kw name="Wait Until Element Is Clickable" owner="keywords">
<kw name="Wait Until Element Is Visible" owner="SeleniumLibrary">
<arg>${locator}</arg>
<arg>${timeout}</arg>
<doc>Waits until the element ``locator`` is visible.</doc>
<status status="PASS" start="2025-10-23T17:46:33.005475" elapsed="0.437737"/>
</kw>
<kw name="Wait Until Element Is Enabled" owner="SeleniumLibrary">
<arg>${locator}</arg>
<arg>${timeout}</arg>
<doc>Waits until the element ``locator`` is enabled.</doc>
<status status="PASS" start="2025-10-23T17:46:33.443369" elapsed="0.011224"/>
</kw>
<arg>xpath=//a[text()='ASUS Full HD']</arg>
<status status="PASS" start="2025-10-23T17:46:33.005286" elapsed="0.449398"/>
</kw>
<kw name="Click Link" owner="SeleniumLibrary">
<msg time="2025-10-23T17:46:33.454969" level="INFO">Clicking link 'xpath=//a[text()='ASUS Full HD']'.</msg>
<arg>xpath=//a[text()='ASUS Full HD']</arg>
<doc>Clicks a link identified by ``locator``.</doc>
<status status="PASS" start="2025-10-23T17:46:33.454793" elapsed="0.293880"/>
</kw>
<kw name="Wait Until Element Is Clickable" owner="keywords">
<kw name="Wait Until Element Is Visible" owner="SeleniumLibrary">
<arg>${locator}</arg>
<arg>${timeout}</arg>
<doc>Waits until the element ``locator`` is visible.</doc>
<status status="PASS" start="2025-10-23T17:46:33.749213" elapsed="0.246994"/>
</kw>
<kw name="Wait Until Element Is Enabled" owner="SeleniumLibrary">
<arg>${locator}</arg>
<arg>${timeout}</arg>
<doc>Waits until the element ``locator`` is enabled.</doc>
<status status="PASS" start="2025-10-23T17:46:33.996491" elapsed="0.011306"/>
</kw>
<arg>xpath=//a[text()='Add to cart']</arg>
<arg>3s</arg>
<status status="PASS" start="2025-10-23T17:46:33.748896" elapsed="0.258996"/>
</kw>
<kw name="Click Element" owner="SeleniumLibrary">
<msg time="2025-10-23T17:46:34.008167" level="INFO">Clicking element 'xpath=//a[text()='Add to cart']'.</msg>
<arg>xpath=//a[text()='Add to cart']</arg>
<doc>Click the element identified by ``locator``.</doc>
<status status="PASS" start="2025-10-23T17:46:34.008010" elapsed="0.043143"/>
</kw>
<kw name="Run Keyword And Ignore Error" owner="BuiltIn">
<kw name="Handle Alert" owner="SeleniumLibrary">
<msg time="2025-10-23T17:46:34.051894" level="INFO">HANDLE::&lt;class 'NoneType'&gt;::None</msg>
<arg>action=ACCEPT</arg>
<doc>Handles the current alert and returns its message.</doc>
<status status="PASS" start="2025-10-23T17:46:34.051721" elapsed="0.510131"/>
</kw>
<arg>Handle Alert</arg>
<arg>action=ACCEPT</arg>
<doc>Runs the given keyword with the given arguments and ignores possible error.</doc>
<status status="PASS" start="2025-10-23T17:46:34.051390" elapsed="0.510577"/>
</kw>
<kw name="Click Link" owner="SeleniumLibrary">
<msg time="2025-10-23T17:46:34.562355" level="INFO">Clicking link 'xpath=//a[text()='Cart']'.</msg>
<arg>xpath=//a[text()='Cart']</arg>
<doc>Clicks a link identified by ``locator``.</doc>
<status status="PASS" start="2025-10-23T17:46:34.562141" elapsed="0.080735"/>
</kw>
<kw name="Wait Until Page Contains" owner="SeleniumLibrary">
<arg>ASUS Full HD</arg>
<arg>7s</arg>
<doc>Waits until ``text`` appears on the current page.</doc>
<status status="PASS" start="2025-10-23T17:46:34.643074" elapsed="0.852669"/>
</kw>
<status status="PASS" start="2025-10-23T17:46:33.005100" elapsed="2.490737"/>
</kw>
<status status="PASS" start="2025-10-23T17:46:33.004749" elapsed="2.491326"/>
</test>
<test id="s1-t9" name="About Us Page Test" line="34">
<kw name="About Us Page" owner="keywords">
<kw name="Wait Until Element Is Clickable" owner="keywords">
<kw name="Wait Until Element Is Visible" owner="SeleniumLibrary">
<arg>${locator}</arg>
<arg>${timeout}</arg>
<doc>Waits until the element ``locator`` is visible.</doc>
<status status="PASS" start="2025-10-23T17:46:35.497243" elapsed="0.014663"/>
</kw>
<kw name="Wait Until Element Is Enabled" owner="SeleniumLibrary">
<arg>${locator}</arg>
<arg>${timeout}</arg>
<doc>Waits until the element ``locator`` is enabled.</doc>
<status status="PASS" start="2025-10-23T17:46:35.512072" elapsed="0.011820"/>
</kw>
<arg>xpath=//a[text()='About us']</arg>
<status status="PASS" start="2025-10-23T17:46:35.497066" elapsed="0.026920"/>
</kw>
<kw name="Click Element" owner="SeleniumLibrary">
<msg time="2025-10-23T17:46:35.524253" level="INFO">Clicking element 'xpath=//a[text()='About us']'.</msg>
<arg>xpath=//a[text()='About us']</arg>
<doc>Click the element identified by ``locator``.</doc>
<status status="PASS" start="2025-10-23T17:46:35.524097" elapsed="0.034642"/>
</kw>
<kw name="Wait Until Element Is Visible" owner="SeleniumLibrary">
<arg>id=videoModal</arg>
<arg>5s</arg>
<doc>Waits until the element ``locator`` is visible.</doc>
<status status="PASS" start="2025-10-23T17:46:35.558900" elapsed="0.223305"/>
</kw>
<kw name="Run Keyword And Ignore Error" owner="BuiltIn">
<kw name="Click Element" owner="SeleniumLibrary">
<msg time="2025-10-23T17:46:35.783374" level="INFO">Clicking element 'xpath=//div[@id='videoModal']//button[@class='close']'.</msg>
<msg time="2025-10-23T17:46:35.934240" level="INFO" html="true">&lt;/td&gt;&lt;/tr&gt;&lt;tr&gt;&lt;td colspan="3"&gt;&lt;a href="selenium-screenshot-347.png"&gt;&lt;img src="selenium-screenshot-347.png" width="800px"&gt;&lt;/a&gt;</msg>
<msg time="2025-10-23T17:46:35.934413" level="FAIL">ElementNotInteractableException: Message: element not interactable
  (Session info: chrome=141.0.7390.123); For documentation on this error, please visit: https://www.selenium.dev/documentation/webdriver/troubleshooting/errors#elementnotinteractableexception
Stacktrace:
	GetHandleVerifier [0x0x7ff676e4e9e5+80021]
	GetHandleVerifier [0x0x7ff676e4ea40+80112]
	(No symbol) [0x0x7ff676bd0425]
	(No symbol) [0x0x7ff676c29dc3]
	(No symbol) [0x0x7ff676c1b7c8]
	(No symbol) [0x0x7ff676c5122a]
	(No symbol) [0x0x7ff676c1b056]
	(No symbol) [0x0x7ff676c51440]
	(No symbol) [0x0x7ff676c7968a]
	(No symbol) [0x0x7ff676c51003]
	(No symbol) [0x0x7ff676c195d1]
	(No symbol) [0x0x7ff676c1a3f3]
	GetHandleVerifier [0x0x7ff67710dd8d+2960445]
	GetHandleVerifier [0x0x7ff67710804a+2936570]
	GetHandleVerifier [0x0x7ff677128a87+3070263]
	GetHandleVerifier [0x0x7ff676e684ce+185214]
	GetHandleVerifier [0x0x7ff676e6ff1f+216527]
	GetHandleVerifier [0x0x7ff676e57c24+117460]
	GetHandleVerifier [0x0x7ff676e57ddf+117903]
	GetHandleVerifier [0x0x7ff676e3dcb8+11112]
	BaseThreadInitThunk [0x0x7ff8019be8d7+23]
	RtlUserThreadStart [0x0x7ff801eec53c+44]
</msg>
<arg>xpath=//div[@id='videoModal']//button[@class='close']</arg>
<doc>Click the element identified by ``locator``.</doc>
<status status="FAIL" start="2025-10-23T17:46:35.783030" elapsed="0.152326">ElementNotInteractableException: Message: element not interactable
  (Session info: chrome=141.0.7390.123); For documentation on this error, please visit: https://www.selenium.dev/documentation/webdriver/troubleshooting/errors#elementnotinteractableexception
Stacktrace:
	GetHandleVerifier [0x0x7ff676e4e9e5+80021]
	GetHandleVerifier [0x0x7ff676e4ea40+80112]
	(No symbol) [0x0x7ff676bd0425]
	(No symbol) [0x0x7ff676c29dc3]
	(No symbol) [0x0x7ff676c1b7c8]
	(No symbol) [0x0x7ff676c5122a]
	(No symbol) [0x0x7ff676c1b056]
	(No symbol) [0x0x7ff676c51440]
	(No symbol) [0x0x7ff676c7968a]
	(No symbol) [0x0x7ff676c51003]
	(No symbol) [0x0x7ff676c195d1]
	(No symbol) [0x0x7ff676c1a3f3]
	GetHandleVerifier [0x0x7ff67710dd8d+2960445]
	GetHandleVerifier [0x0x7ff67710804a+2936570]
	GetHandleVerifier [0x0x7ff677128a87+3070263]
	GetHandleVerifier [0x0x7ff676e684ce+185214]
	GetHandleVerifier [0x0x7ff676e6ff1f+216527]
	GetHandleVerifier [0x0x7ff676e57c24+117460]
	GetHandleVerifier [0x0x7ff676e57ddf+117903]
	GetHandleVerifier [0x0x7ff676e3dcb8+11112]
	BaseThreadInitThunk [0x0x7ff8019be8d7+23]
	RtlUserThreadStart [0x0x7ff801eec53c+44]
</status>
</kw>
<arg>Click Element</arg>
<arg>xpath=//div[@id='videoModal']//button[@class='close']</arg>
<doc>Runs the given keyword with the given arguments and ignores possible error.</doc>
<status status="PASS" start="2025-10-23T17:46:35.782652" elapsed="0.152798"/>
</kw>
<status status="PASS" start="2025-10-23T17:46:35.496851" elapsed="0.438653"/>
</kw>
<status status="PASS" start="2025-10-23T17:46:35.496475" elapsed="0.439327"/>
</test>
<kw name="Close Demo" owner="keywords" type="TEARDOWN">
<kw name="Close Browser" owner="SeleniumLibrary">
<doc>Closes the current browser.</doc>
<status status="PASS" start="2025-10-23T17:46:35.936914" elapsed="2.142010"/>
</kw>
<status status="PASS" start="2025-10-23T17:46:35.936751" elapsed="2.142421"/>
</kw>
<status status="PASS" start="2025-10-23T17:46:05.960736" elapsed="32.118540"/>
</suite>
<statistics>
<total>
<stat pass="9" fail="0" skip="0">All Tests</stat>
</total>
<tag>
</tag>
<suite>
<stat name="Suite" id="s1" pass="9" fail="0" skip="0">Suite</stat>
</suite>
</statistics>
<errors>
<msg time="2025-10-23T17:46:06.275615" level="WARN">exexcutable_path is being deprecated. Please use service to configure the driver's executable_path as per documentation.</msg>
</errors>
</robot>
